<?xml version="1.0" encoding="UTF-8" standalone="no"?>
<!DOCTYPE log SYSTEM "logger.dtd">
<log>
<record>
  <date>2024-12-02T22:33:08.923888300Z</date>
  <millis>1733178788923</millis>
  <nanos>888300</nanos>
  <sequence>0</sequence>
  <logger>global</logger>
  <level>SEVERE</level>
  <class>Utilities.Bitacora</class>
  <method>registrar</method>
  <thread>25</thread>
  <message>Illegal mix of collations (utf8mb4_general_ci,IMPLICIT) and (utf8mb4_0900_ai_ci,IMPLICIT) for operation 'like'****[com.mysql.cj.jdbc.exceptions.SQLError.createSQLException(SQLError.java:130), com.mysql.cj.jdbc.exceptions.SQLExceptionsMapping.translateException(SQLExceptionsMapping.java:122), com.mysql.cj.jdbc.ClientPreparedStatement.executeInternal(ClientPreparedStatement.java:912), com.mysql.cj.jdbc.ClientPreparedStatement.executeQuery(ClientPreparedStatement.java:968), com.mysql.cj.jdbc.CallableStatement.executeQuery(CallableStatement.java:904), DataAccessLayer.UsuarioDAO.buscarPorUsuario(UsuarioDAO.java:137), BusinessLayer.UsuarioBO.buscarPorUsuario(UsuarioBO.java:46), PresentationLayer.AdministradorMenu.jbUsuarioBuscarActionPerformed(AdministradorMenu.java:2093), PresentationLayer.AdministradorMenu$8.actionPerformed(AdministradorMenu.java:466), java.desktop/javax.swing.AbstractButton.fireActionPerformed(AbstractButton.java:1972), java.desktop/javax.swing.AbstractButton$Handler.actionPerformed(AbstractButton.java:2314), java.desktop/javax.swing.DefaultButtonModel.fireActionPerformed(DefaultButtonModel.java:407), java.desktop/javax.swing.DefaultButtonModel.setPressed(DefaultButtonModel.java:262), java.desktop/javax.swing.plaf.basic.BasicButtonListener.mouseReleased(BasicButtonListener.java:279), java.desktop/java.awt.Component.processMouseEvent(Component.java:6621), java.desktop/javax.swing.JComponent.processMouseEvent(JComponent.java:3398), java.desktop/java.awt.Component.processEvent(Component.java:6386), java.desktop/java.awt.Container.processEvent(Container.java:2266), java.desktop/java.awt.Component.dispatchEventImpl(Component.java:4996), java.desktop/java.awt.Container.dispatchEventImpl(Container.java:2324), java.desktop/java.awt.Component.dispatchEvent(Component.java:4828), java.desktop/java.awt.LightweightDispatcher.retargetMouseEvent(Container.java:4948), java.desktop/java.awt.LightweightDispatcher.processMouseEvent(Container.java:4575), java.desktop/java.awt.LightweightDispatcher.dispatchEvent(Container.java:4516), java.desktop/java.awt.Container.dispatchEventImpl(Container.java:2310), java.desktop/java.awt.Window.dispatchEventImpl(Window.java:2780), java.desktop/java.awt.Component.dispatchEvent(Component.java:4828), java.desktop/java.awt.EventQueue.dispatchEventImpl(EventQueue.java:775), java.desktop/java.awt.EventQueue$4.run(EventQueue.java:720), java.desktop/java.awt.EventQueue$4.run(EventQueue.java:714), java.base/java.security.AccessController.doPrivileged(AccessController.java:400), java.base/java.security.ProtectionDomain$JavaSecurityAccessImpl.doIntersectionPrivilege(ProtectionDomain.java:87), java.base/java.security.ProtectionDomain$JavaSecurityAccessImpl.doIntersectionPrivilege(ProtectionDomain.java:98), java.desktop/java.awt.EventQueue$5.run(EventQueue.java:747), java.desktop/java.awt.EventQueue$5.run(EventQueue.java:745), java.base/java.security.AccessController.doPrivileged(AccessController.java:400), java.base/java.security.ProtectionDomain$JavaSecurityAccessImpl.doIntersectionPrivilege(ProtectionDomain.java:87), java.desktop/java.awt.EventQueue.dispatchEvent(EventQueue.java:744), java.desktop/java.awt.EventDispatchThread.pumpOneEventForFilters(EventDispatchThread.java:203), java.desktop/java.awt.EventDispatchThread.pumpEventsForFilter(EventDispatchThread.java:124), java.desktop/java.awt.EventDispatchThread.pumpEventsForHierarchy(EventDispatchThread.java:113), java.desktop/java.awt.EventDispatchThread.pumpEvents(EventDispatchThread.java:109), java.desktop/java.awt.EventDispatchThread.pumpEvents(EventDispatchThread.java:101), java.desktop/java.awt.EventDispatchThread.run(EventDispatchThread.java:90)]</message>
</record>
</log>
<?xml version="1.0" encoding="UTF-8" standalone="no"?>
<!DOCTYPE log SYSTEM "logger.dtd">
<log>
<record>
  <date>2024-12-03T22:09:29.209837100Z</date>
  <millis>1733263769209</millis>
  <nanos>837100</nanos>
  <sequence>0</sequence>
  <logger>global</logger>
  <level>SEVERE</level>
  <class>Utilities.Bitacora</class>
  <method>registrar</method>
  <thread>25</thread>
  <message>Illegal mix of collations (utf8mb4_general_ci,IMPLICIT) and (utf8mb4_0900_ai_ci,IMPLICIT) for operation 'like'****[com.mysql.cj.jdbc.exceptions.SQLError.createSQLException(SQLError.java:130), com.mysql.cj.jdbc.exceptions.SQLExceptionsMapping.translateException(SQLExceptionsMapping.java:122), com.mysql.cj.jdbc.ClientPreparedStatement.executeInternal(ClientPreparedStatement.java:912), com.mysql.cj.jdbc.ClientPreparedStatement.executeQuery(ClientPreparedStatement.java:968), com.mysql.cj.jdbc.CallableStatement.executeQuery(CallableStatement.java:904), DataAccessLayer.UsuarioDAO.buscarPorUsuario(UsuarioDAO.java:137), BusinessLayer.UsuarioBO.buscarPorUsuario(UsuarioBO.java:46), PresentationLayer.AdministradorMenu.jbUsuarioBuscarActionPerformed(AdministradorMenu.java:2336), PresentationLayer.AdministradorMenu$8.actionPerformed(AdministradorMenu.java:486), java.desktop/javax.swing.AbstractButton.fireActionPerformed(AbstractButton.java:1972), java.desktop/javax.swing.AbstractButton$Handler.actionPerformed(AbstractButton.java:2314), java.desktop/javax.swing.DefaultButtonModel.fireActionPerformed(DefaultButtonModel.java:407), java.desktop/javax.swing.DefaultButtonModel.setPressed(DefaultButtonModel.java:262), java.desktop/javax.swing.plaf.basic.BasicButtonListener.mouseReleased(BasicButtonListener.java:279), java.desktop/java.awt.Component.processMouseEvent(Component.java:6621), java.desktop/javax.swing.JComponent.processMouseEvent(JComponent.java:3398), java.desktop/java.awt.Component.processEvent(Component.java:6386), java.desktop/java.awt.Container.processEvent(Container.java:2266), java.desktop/java.awt.Component.dispatchEventImpl(Component.java:4996), java.desktop/java.awt.Container.dispatchEventImpl(Container.java:2324), java.desktop/java.awt.Component.dispatchEvent(Component.java:4828), java.desktop/java.awt.LightweightDispatcher.retargetMouseEvent(Container.java:4948), java.desktop/java.awt.LightweightDispatcher.processMouseEvent(Container.java:4575), java.desktop/java.awt.LightweightDispatcher.dispatchEvent(Container.java:4516), java.desktop/java.awt.Container.dispatchEventImpl(Container.java:2310), java.desktop/java.awt.Window.dispatchEventImpl(Window.java:2780), java.desktop/java.awt.Component.dispatchEvent(Component.java:4828), java.desktop/java.awt.EventQueue.dispatchEventImpl(EventQueue.java:775), java.desktop/java.awt.EventQueue$4.run(EventQueue.java:720), java.desktop/java.awt.EventQueue$4.run(EventQueue.java:714), java.base/java.security.AccessController.doPrivileged(AccessController.java:400), java.base/java.security.ProtectionDomain$JavaSecurityAccessImpl.doIntersectionPrivilege(ProtectionDomain.java:87), java.base/java.security.ProtectionDomain$JavaSecurityAccessImpl.doIntersectionPrivilege(ProtectionDomain.java:98), java.desktop/java.awt.EventQueue$5.run(EventQueue.java:747), java.desktop/java.awt.EventQueue$5.run(EventQueue.java:745), java.base/java.security.AccessController.doPrivileged(AccessController.java:400), java.base/java.security.ProtectionDomain$JavaSecurityAccessImpl.doIntersectionPrivilege(ProtectionDomain.java:87), java.desktop/java.awt.EventQueue.dispatchEvent(EventQueue.java:744), java.desktop/java.awt.EventDispatchThread.pumpOneEventForFilters(EventDispatchThread.java:203), java.desktop/java.awt.EventDispatchThread.pumpEventsForFilter(EventDispatchThread.java:124), java.desktop/java.awt.EventDispatchThread.pumpEventsForHierarchy(EventDispatchThread.java:113), java.desktop/java.awt.EventDispatchThread.pumpEvents(EventDispatchThread.java:109), java.desktop/java.awt.EventDispatchThread.pumpEvents(EventDispatchThread.java:101), java.desktop/java.awt.EventDispatchThread.run(EventDispatchThread.java:90)]</message>
</record>
<record>
  <date>2024-12-03T22:09:40.531611300Z</date>
  <millis>1733263780531</millis>
  <nanos>611300</nanos>
  <sequence>1</sequence>
  <logger>global</logger>
  <level>SEVERE</level>
  <class>Utilities.Bitacora</class>
  <method>registrar</method>
  <thread>25</thread>
  <message>Illegal mix of collations (utf8mb4_general_ci,IMPLICIT) and (utf8mb4_0900_ai_ci,IMPLICIT) for operation 'like'****[com.mysql.cj.jdbc.exceptions.SQLError.createSQLException(SQLError.java:130), com.mysql.cj.jdbc.exceptions.SQLExceptionsMapping.translateException(SQLExceptionsMapping.java:122), com.mysql.cj.jdbc.ClientPreparedStatement.executeInternal(ClientPreparedStatement.java:912), com.mysql.cj.jdbc.ClientPreparedStatement.executeQuery(ClientPreparedStatement.java:968), com.mysql.cj.jdbc.CallableStatement.executeQuery(CallableStatement.java:904), DataAccessLayer.UsuarioDAO.buscarPorUsuario(UsuarioDAO.java:137), BusinessLayer.UsuarioBO.buscarPorUsuario(UsuarioBO.java:46), PresentationLayer.AdministradorMenu.jbUsuarioBuscarActionPerformed(AdministradorMenu.java:2336), PresentationLayer.AdministradorMenu$8.actionPerformed(AdministradorMenu.java:486), java.desktop/javax.swing.AbstractButton.fireActionPerformed(AbstractButton.java:1972), java.desktop/javax.swing.AbstractButton$Handler.actionPerformed(AbstractButton.java:2314), java.desktop/javax.swing.DefaultButtonModel.fireActionPerformed(DefaultButtonModel.java:407), java.desktop/javax.swing.DefaultButtonModel.setPressed(DefaultButtonModel.java:262), java.desktop/javax.swing.plaf.basic.BasicButtonListener.mouseReleased(BasicButtonListener.java:279), java.desktop/java.awt.Component.processMouseEvent(Component.java:6621), java.desktop/javax.swing.JComponent.processMouseEvent(JComponent.java:3398), java.desktop/java.awt.Component.processEvent(Component.java:6386), java.desktop/java.awt.Container.processEvent(Container.java:2266), java.desktop/java.awt.Component.dispatchEventImpl(Component.java:4996), java.desktop/java.awt.Container.dispatchEventImpl(Container.java:2324), java.desktop/java.awt.Component.dispatchEvent(Component.java:4828), java.desktop/java.awt.LightweightDispatcher.retargetMouseEvent(Container.java:4948), java.desktop/java.awt.LightweightDispatcher.processMouseEvent(Container.java:4575), java.desktop/java.awt.LightweightDispatcher.dispatchEvent(Container.java:4516), java.desktop/java.awt.Container.dispatchEventImpl(Container.java:2310), java.desktop/java.awt.Window.dispatchEventImpl(Window.java:2780), java.desktop/java.awt.Component.dispatchEvent(Component.java:4828), java.desktop/java.awt.EventQueue.dispatchEventImpl(EventQueue.java:775), java.desktop/java.awt.EventQueue$4.run(EventQueue.java:720), java.desktop/java.awt.EventQueue$4.run(EventQueue.java:714), java.base/java.security.AccessController.doPrivileged(AccessController.java:400), java.base/java.security.ProtectionDomain$JavaSecurityAccessImpl.doIntersectionPrivilege(ProtectionDomain.java:87), java.base/java.security.ProtectionDomain$JavaSecurityAccessImpl.doIntersectionPrivilege(ProtectionDomain.java:98), java.desktop/java.awt.EventQueue$5.run(EventQueue.java:747), java.desktop/java.awt.EventQueue$5.run(EventQueue.java:745), java.base/java.security.AccessController.doPrivileged(AccessController.java:400), java.base/java.security.ProtectionDomain$JavaSecurityAccessImpl.doIntersectionPrivilege(ProtectionDomain.java:87), java.desktop/java.awt.EventQueue.dispatchEvent(EventQueue.java:744), java.desktop/java.awt.EventDispatchThread.pumpOneEventForFilters(EventDispatchThread.java:203), java.desktop/java.awt.EventDispatchThread.pumpEventsForFilter(EventDispatchThread.java:124), java.desktop/java.awt.EventDispatchThread.pumpEventsForHierarchy(EventDispatchThread.java:113), java.desktop/java.awt.EventDispatchThread.pumpEvents(EventDispatchThread.java:109), java.desktop/java.awt.EventDispatchThread.pumpEvents(EventDispatchThread.java:101), java.desktop/java.awt.EventDispatchThread.run(EventDispatchThread.java:90)]</message>
</record>
<record>
  <date>2024-12-03T22:09:54.898627500Z</date>
  <millis>1733263794898</millis>
  <nanos>627500</nanos>
  <sequence>2</sequence>
  <logger>global</logger>
  <level>SEVERE</level>
  <class>Utilities.Bitacora</class>
  <method>registrar</method>
  <thread>25</thread>
  <message>Illegal mix of collations (utf8mb4_general_ci,IMPLICIT) and (utf8mb4_0900_ai_ci,IMPLICIT) for operation 'like'****[com.mysql.cj.jdbc.exceptions.SQLError.createSQLException(SQLError.java:130), com.mysql.cj.jdbc.exceptions.SQLExceptionsMapping.translateException(SQLExceptionsMapping.java:122), com.mysql.cj.jdbc.ClientPreparedStatement.executeInternal(ClientPreparedStatement.java:912), com.mysql.cj.jdbc.ClientPreparedStatement.executeQuery(ClientPreparedStatement.java:968), com.mysql.cj.jdbc.CallableStatement.executeQuery(CallableStatement.java:904), DataAccessLayer.UsuarioDAO.buscarPorUsuario(UsuarioDAO.java:137), BusinessLayer.UsuarioBO.buscarPorUsuario(UsuarioBO.java:46), PresentationLayer.AdministradorMenu.jbUsuarioBuscarActionPerformed(AdministradorMenu.java:2336), PresentationLayer.AdministradorMenu$8.actionPerformed(AdministradorMenu.java:486), java.desktop/javax.swing.AbstractButton.fireActionPerformed(AbstractButton.java:1972), java.desktop/javax.swing.AbstractButton$Handler.actionPerformed(AbstractButton.java:2314), java.desktop/javax.swing.DefaultButtonModel.fireActionPerformed(DefaultButtonModel.java:407), java.desktop/javax.swing.DefaultButtonModel.setPressed(DefaultButtonModel.java:262), java.desktop/javax.swing.plaf.basic.BasicButtonListener.mouseReleased(BasicButtonListener.java:279), java.desktop/java.awt.Component.processMouseEvent(Component.java:6621), java.desktop/javax.swing.JComponent.processMouseEvent(JComponent.java:3398), java.desktop/java.awt.Component.processEvent(Component.java:6386), java.desktop/java.awt.Container.processEvent(Container.java:2266), java.desktop/java.awt.Component.dispatchEventImpl(Component.java:4996), java.desktop/java.awt.Container.dispatchEventImpl(Container.java:2324), java.desktop/java.awt.Component.dispatchEvent(Component.java:4828), java.desktop/java.awt.LightweightDispatcher.retargetMouseEvent(Container.java:4948), java.desktop/java.awt.LightweightDispatcher.processMouseEvent(Container.java:4575), java.desktop/java.awt.LightweightDispatcher.dispatchEvent(Container.java:4516), java.desktop/java.awt.Container.dispatchEventImpl(Container.java:2310), java.desktop/java.awt.Window.dispatchEventImpl(Window.java:2780), java.desktop/java.awt.Component.dispatchEvent(Component.java:4828), java.desktop/java.awt.EventQueue.dispatchEventImpl(EventQueue.java:775), java.desktop/java.awt.EventQueue$4.run(EventQueue.java:720), java.desktop/java.awt.EventQueue$4.run(EventQueue.java:714), java.base/java.security.AccessController.doPrivileged(AccessController.java:400), java.base/java.security.ProtectionDomain$JavaSecurityAccessImpl.doIntersectionPrivilege(ProtectionDomain.java:87), java.base/java.security.ProtectionDomain$JavaSecurityAccessImpl.doIntersectionPrivilege(ProtectionDomain.java:98), java.desktop/java.awt.EventQueue$5.run(EventQueue.java:747), java.desktop/java.awt.EventQueue$5.run(EventQueue.java:745), java.base/java.security.AccessController.doPrivileged(AccessController.java:400), java.base/java.security.ProtectionDomain$JavaSecurityAccessImpl.doIntersectionPrivilege(ProtectionDomain.java:87), java.desktop/java.awt.EventQueue.dispatchEvent(EventQueue.java:744), java.desktop/java.awt.EventDispatchThread.pumpOneEventForFilters(EventDispatchThread.java:203), java.desktop/java.awt.EventDispatchThread.pumpEventsForFilter(EventDispatchThread.java:124), java.desktop/java.awt.EventDispatchThread.pumpEventsForHierarchy(EventDispatchThread.java:113), java.desktop/java.awt.EventDispatchThread.pumpEvents(EventDispatchThread.java:109), java.desktop/java.awt.EventDispatchThread.pumpEvents(EventDispatchThread.java:101), java.desktop/java.awt.EventDispatchThread.run(EventDispatchThread.java:90)]</message>
</record>
</log>
<?xml version="1.0" encoding="UTF-8" standalone="no"?>
<!DOCTYPE log SYSTEM "logger.dtd">
<log>
<record>
  <date>2024-12-03T22:10:32.856008600Z</date>
  <millis>1733263832856</millis>
  <nanos>8600</nanos>
  <sequence>0</sequence>
  <logger>global</logger>
  <level>SEVERE</level>
  <class>Utilities.Bitacora</class>
  <method>registrar</method>
  <thread>25</thread>
  <message>Illegal mix of collations (utf8mb4_general_ci,IMPLICIT) and (utf8mb4_0900_ai_ci,IMPLICIT) for operation 'like'****[com.mysql.cj.jdbc.exceptions.SQLError.createSQLException(SQLError.java:130), com.mysql.cj.jdbc.exceptions.SQLExceptionsMapping.translateException(SQLExceptionsMapping.java:122), com.mysql.cj.jdbc.ClientPreparedStatement.executeInternal(ClientPreparedStatement.java:912), com.mysql.cj.jdbc.ClientPreparedStatement.executeQuery(ClientPreparedStatement.java:968), com.mysql.cj.jdbc.CallableStatement.executeQuery(CallableStatement.java:904), DataAccessLayer.UsuarioDAO.buscarPorUsuario(UsuarioDAO.java:137), BusinessLayer.UsuarioBO.buscarPorUsuario(UsuarioBO.java:46), PresentationLayer.AdministradorMenu.jbUsuarioBuscarActionPerformed(AdministradorMenu.java:2336), PresentationLayer.AdministradorMenu$8.actionPerformed(AdministradorMenu.java:486), java.desktop/javax.swing.AbstractButton.fireActionPerformed(AbstractButton.java:1972), java.desktop/javax.swing.AbstractButton$Handler.actionPerformed(AbstractButton.java:2314), java.desktop/javax.swing.DefaultButtonModel.fireActionPerformed(DefaultButtonModel.java:407), java.desktop/javax.swing.DefaultButtonModel.setPressed(DefaultButtonModel.java:262), java.desktop/javax.swing.plaf.basic.BasicButtonListener.mouseReleased(BasicButtonListener.java:279), java.desktop/java.awt.Component.processMouseEvent(Component.java:6621), java.desktop/javax.swing.JComponent.processMouseEvent(JComponent.java:3398), java.desktop/java.awt.Component.processEvent(Component.java:6386), java.desktop/java.awt.Container.processEvent(Container.java:2266), java.desktop/java.awt.Component.dispatchEventImpl(Component.java:4996), java.desktop/java.awt.Container.dispatchEventImpl(Container.java:2324), java.desktop/java.awt.Component.dispatchEvent(Component.java:4828), java.desktop/java.awt.LightweightDispatcher.retargetMouseEvent(Container.java:4948), java.desktop/java.awt.LightweightDispatcher.processMouseEvent(Container.java:4575), java.desktop/java.awt.LightweightDispatcher.dispatchEvent(Container.java:4516), java.desktop/java.awt.Container.dispatchEventImpl(Container.java:2310), java.desktop/java.awt.Window.dispatchEventImpl(Window.java:2780), java.desktop/java.awt.Component.dispatchEvent(Component.java:4828), java.desktop/java.awt.EventQueue.dispatchEventImpl(EventQueue.java:775), java.desktop/java.awt.EventQueue$4.run(EventQueue.java:720), java.desktop/java.awt.EventQueue$4.run(EventQueue.java:714), java.base/java.security.AccessController.doPrivileged(AccessController.java:400), java.base/java.security.ProtectionDomain$JavaSecurityAccessImpl.doIntersectionPrivilege(ProtectionDomain.java:87), java.base/java.security.ProtectionDomain$JavaSecurityAccessImpl.doIntersectionPrivilege(ProtectionDomain.java:98), java.desktop/java.awt.EventQueue$5.run(EventQueue.java:747), java.desktop/java.awt.EventQueue$5.run(EventQueue.java:745), java.base/java.security.AccessController.doPrivileged(AccessController.java:400), java.base/java.security.ProtectionDomain$JavaSecurityAccessImpl.doIntersectionPrivilege(ProtectionDomain.java:87), java.desktop/java.awt.EventQueue.dispatchEvent(EventQueue.java:744), java.desktop/java.awt.EventDispatchThread.pumpOneEventForFilters(EventDispatchThread.java:203), java.desktop/java.awt.EventDispatchThread.pumpEventsForFilter(EventDispatchThread.java:124), java.desktop/java.awt.EventDispatchThread.pumpEventsForHierarchy(EventDispatchThread.java:113), java.desktop/java.awt.EventDispatchThread.pumpEvents(EventDispatchThread.java:109), java.desktop/java.awt.EventDispatchThread.pumpEvents(EventDispatchThread.java:101), java.desktop/java.awt.EventDispatchThread.run(EventDispatchThread.java:90)]</message>
</record>
</log>
<?xml version="1.0" encoding="UTF-8" standalone="no"?>
<!DOCTYPE log SYSTEM "logger.dtd">
<log>
<record>
  <date>2024-12-03T23:51:31.458078300Z</date>
  <millis>1733269891458</millis>
  <nanos>78300</nanos>
  <sequence>0</sequence>
  <logger>global</logger>
  <level>SEVERE</level>
  <class>Utilities.Bitacora</class>
  <method>registrar</method>
  <thread>25</thread>
  <message>Illegal mix of collations (utf8mb4_general_ci,IMPLICIT) and (utf8mb4_0900_ai_ci,IMPLICIT) for operation 'like'****[com.mysql.cj.jdbc.exceptions.SQLError.createSQLException(SQLError.java:130), com.mysql.cj.jdbc.exceptions.SQLExceptionsMapping.translateException(SQLExceptionsMapping.java:122), com.mysql.cj.jdbc.ClientPreparedStatement.executeInternal(ClientPreparedStatement.java:912), com.mysql.cj.jdbc.ClientPreparedStatement.executeQuery(ClientPreparedStatement.java:968), com.mysql.cj.jdbc.CallableStatement.executeQuery(CallableStatement.java:904), DataAccessLayer.PlatoComidaDAO.buscarPorPlato(PlatoComidaDAO.java:125), BusinessLayer.PlatoComidaBO.buscarPorPlato(PlatoComidaBO.java:46), PresentationLayer.AdministradorMenu.jbPlatosBuscarActionPerformed(AdministradorMenu.java:2651), PresentationLayer.AdministradorMenu$18.actionPerformed(AdministradorMenu.java:816), java.desktop/javax.swing.AbstractButton.fireActionPerformed(AbstractButton.java:1972), java.desktop/javax.swing.AbstractButton$Handler.actionPerformed(AbstractButton.java:2314), java.desktop/javax.swing.DefaultButtonModel.fireActionPerformed(DefaultButtonModel.java:407), java.desktop/javax.swing.DefaultButtonModel.setPressed(DefaultButtonModel.java:262), java.desktop/javax.swing.plaf.basic.BasicButtonListener.mouseReleased(BasicButtonListener.java:279), java.desktop/java.awt.Component.processMouseEvent(Component.java:6621), java.desktop/javax.swing.JComponent.processMouseEvent(JComponent.java:3398), java.desktop/java.awt.Component.processEvent(Component.java:6386), java.desktop/java.awt.Container.processEvent(Container.java:2266), java.desktop/java.awt.Component.dispatchEventImpl(Component.java:4996), java.desktop/java.awt.Container.dispatchEventImpl(Container.java:2324), java.desktop/java.awt.Component.dispatchEvent(Component.java:4828), java.desktop/java.awt.LightweightDispatcher.retargetMouseEvent(Container.java:4948), java.desktop/java.awt.LightweightDispatcher.processMouseEvent(Container.java:4575), java.desktop/java.awt.LightweightDispatcher.dispatchEvent(Container.java:4516), java.desktop/java.awt.Container.dispatchEventImpl(Container.java:2310), java.desktop/java.awt.Window.dispatchEventImpl(Window.java:2780), java.desktop/java.awt.Component.dispatchEvent(Component.java:4828), java.desktop/java.awt.EventQueue.dispatchEventImpl(EventQueue.java:775), java.desktop/java.awt.EventQueue$4.run(EventQueue.java:720), java.desktop/java.awt.EventQueue$4.run(EventQueue.java:714), java.base/java.security.AccessController.doPrivileged(AccessController.java:400), java.base/java.security.ProtectionDomain$JavaSecurityAccessImpl.doIntersectionPrivilege(ProtectionDomain.java:87), java.base/java.security.ProtectionDomain$JavaSecurityAccessImpl.doIntersectionPrivilege(ProtectionDomain.java:98), java.desktop/java.awt.EventQueue$5.run(EventQueue.java:747), java.desktop/java.awt.EventQueue$5.run(EventQueue.java:745), java.base/java.security.AccessController.doPrivileged(AccessController.java:400), java.base/java.security.ProtectionDomain$JavaSecurityAccessImpl.doIntersectionPrivilege(ProtectionDomain.java:87), java.desktop/java.awt.EventQueue.dispatchEvent(EventQueue.java:744), java.desktop/java.awt.EventDispatchThread.pumpOneEventForFilters(EventDispatchThread.java:203), java.desktop/java.awt.EventDispatchThread.pumpEventsForFilter(EventDispatchThread.java:124), java.desktop/java.awt.EventDispatchThread.pumpEventsForHierarchy(EventDispatchThread.java:113), java.desktop/java.awt.EventDispatchThread.pumpEvents(EventDispatchThread.java:109), java.desktop/java.awt.EventDispatchThread.pumpEvents(EventDispatchThread.java:101), java.desktop/java.awt.EventDispatchThread.run(EventDispatchThread.java:90)]</message>
</record>
</log>
<?xml version="1.0" encoding="UTF-8" standalone="no"?>
<!DOCTYPE log SYSTEM "logger.dtd">
<log>
<record>
  <date>2024-12-04T04:36:02.132513900Z</date>
  <millis>1733286962132</millis>
  <nanos>513900</nanos>
  <sequence>0</sequence>
  <logger>global</logger>
  <level>SEVERE</level>
  <class>Utilities.Bitacora</class>
  <method>registrar</method>
  <thread>25</thread>
  <message>Illegal mix of collations (utf8mb4_general_ci,IMPLICIT) and (utf8mb4_0900_ai_ci,IMPLICIT) for operation 'like'****[com.mysql.cj.jdbc.exceptions.SQLError.createSQLException(SQLError.java:130), com.mysql.cj.jdbc.exceptions.SQLExceptionsMapping.translateException(SQLExceptionsMapping.java:122), com.mysql.cj.jdbc.ClientPreparedStatement.executeInternal(ClientPreparedStatement.java:912), com.mysql.cj.jdbc.ClientPreparedStatement.executeQuery(ClientPreparedStatement.java:968), com.mysql.cj.jdbc.CallableStatement.executeQuery(CallableStatement.java:904), DataAccessLayer.UsuarioDAO.buscarPorUsuario(UsuarioDAO.java:137), BusinessLayer.UsuarioBO.buscarPorUsuario(UsuarioBO.java:46), PresentationLayer.AdministradorMenu.jbUsuarioBuscarActionPerformed(AdministradorMenu.java:2695), PresentationLayer.AdministradorMenu$8.actionPerformed(AdministradorMenu.java:521), java.desktop/javax.swing.AbstractButton.fireActionPerformed(AbstractButton.java:1972), java.desktop/javax.swing.AbstractButton$Handler.actionPerformed(AbstractButton.java:2314), java.desktop/javax.swing.DefaultButtonModel.fireActionPerformed(DefaultButtonModel.java:407), java.desktop/javax.swing.DefaultButtonModel.setPressed(DefaultButtonModel.java:262), java.desktop/javax.swing.plaf.basic.BasicButtonListener.mouseReleased(BasicButtonListener.java:279), java.desktop/java.awt.Component.processMouseEvent(Component.java:6621), java.desktop/javax.swing.JComponent.processMouseEvent(JComponent.java:3398), java.desktop/java.awt.Component.processEvent(Component.java:6386), java.desktop/java.awt.Container.processEvent(Container.java:2266), java.desktop/java.awt.Component.dispatchEventImpl(Component.java:4996), java.desktop/java.awt.Container.dispatchEventImpl(Container.java:2324), java.desktop/java.awt.Component.dispatchEvent(Component.java:4828), java.desktop/java.awt.LightweightDispatcher.retargetMouseEvent(Container.java:4948), java.desktop/java.awt.LightweightDispatcher.processMouseEvent(Container.java:4575), java.desktop/java.awt.LightweightDispatcher.dispatchEvent(Container.java:4516), java.desktop/java.awt.Container.dispatchEventImpl(Container.java:2310), java.desktop/java.awt.Window.dispatchEventImpl(Window.java:2780), java.desktop/java.awt.Component.dispatchEvent(Component.java:4828), java.desktop/java.awt.EventQueue.dispatchEventImpl(EventQueue.java:775), java.desktop/java.awt.EventQueue$4.run(EventQueue.java:720), java.desktop/java.awt.EventQueue$4.run(EventQueue.java:714), java.base/java.security.AccessController.doPrivileged(AccessController.java:400), java.base/java.security.ProtectionDomain$JavaSecurityAccessImpl.doIntersectionPrivilege(ProtectionDomain.java:87), java.base/java.security.ProtectionDomain$JavaSecurityAccessImpl.doIntersectionPrivilege(ProtectionDomain.java:98), java.desktop/java.awt.EventQueue$5.run(EventQueue.java:747), java.desktop/java.awt.EventQueue$5.run(EventQueue.java:745), java.base/java.security.AccessController.doPrivileged(AccessController.java:400), java.base/java.security.ProtectionDomain$JavaSecurityAccessImpl.doIntersectionPrivilege(ProtectionDomain.java:87), java.desktop/java.awt.EventQueue.dispatchEvent(EventQueue.java:744), java.desktop/java.awt.EventDispatchThread.pumpOneEventForFilters(EventDispatchThread.java:203), java.desktop/java.awt.EventDispatchThread.pumpEventsForFilter(EventDispatchThread.java:124), java.desktop/java.awt.EventDispatchThread.pumpEventsForHierarchy(EventDispatchThread.java:113), java.desktop/java.awt.EventDispatchThread.pumpEvents(EventDispatchThread.java:109), java.desktop/java.awt.EventDispatchThread.pumpEvents(EventDispatchThread.java:101), java.desktop/java.awt.EventDispatchThread.run(EventDispatchThread.java:90)]</message>
</record>
</log>
<?xml version="1.0" encoding="UTF-8" standalone="no"?>
<!DOCTYPE log SYSTEM "logger.dtd">
<log>
<record>
  <date>2024-12-04T04:51:42.131497600Z</date>
  <millis>1733287902131</millis>
  <nanos>497600</nanos>
  <sequence>0</sequence>
  <logger>global</logger>
  <level>SEVERE</level>
  <class>Utilities.Bitacora</class>
  <method>registrar</method>
  <thread>25</thread>
  <message>Illegal mix of collations (utf8mb4_general_ci,IMPLICIT) and (utf8mb4_0900_ai_ci,IMPLICIT) for operation 'like'****[com.mysql.cj.jdbc.exceptions.SQLError.createSQLException(SQLError.java:130), com.mysql.cj.jdbc.exceptions.SQLExceptionsMapping.translateException(SQLExceptionsMapping.java:122), com.mysql.cj.jdbc.ClientPreparedStatement.executeInternal(ClientPreparedStatement.java:912), com.mysql.cj.jdbc.ClientPreparedStatement.executeQuery(ClientPreparedStatement.java:968), com.mysql.cj.jdbc.CallableStatement.executeQuery(CallableStatement.java:904), DataAccessLayer.UsuarioDAO.buscarPorUsuario(UsuarioDAO.java:137), BusinessLayer.UsuarioBO.buscarPorUsuario(UsuarioBO.java:46), PresentationLayer.AdministradorMenu.jbUsuarioBuscarActionPerformed(AdministradorMenu.java:2718), PresentationLayer.AdministradorMenu$8.actionPerformed(AdministradorMenu.java:522), java.desktop/javax.swing.AbstractButton.fireActionPerformed(AbstractButton.java:1972), java.desktop/javax.swing.AbstractButton$Handler.actionPerformed(AbstractButton.java:2314), java.desktop/javax.swing.DefaultButtonModel.fireActionPerformed(DefaultButtonModel.java:407), java.desktop/javax.swing.DefaultButtonModel.setPressed(DefaultButtonModel.java:262), java.desktop/javax.swing.plaf.basic.BasicButtonListener.mouseReleased(BasicButtonListener.java:279), java.desktop/java.awt.Component.processMouseEvent(Component.java:6621), java.desktop/javax.swing.JComponent.processMouseEvent(JComponent.java:3398), java.desktop/java.awt.Component.processEvent(Component.java:6386), java.desktop/java.awt.Container.processEvent(Container.java:2266), java.desktop/java.awt.Component.dispatchEventImpl(Component.java:4996), java.desktop/java.awt.Container.dispatchEventImpl(Container.java:2324), java.desktop/java.awt.Component.dispatchEvent(Component.java:4828), java.desktop/java.awt.LightweightDispatcher.retargetMouseEvent(Container.java:4948), java.desktop/java.awt.LightweightDispatcher.processMouseEvent(Container.java:4575), java.desktop/java.awt.LightweightDispatcher.dispatchEvent(Container.java:4516), java.desktop/java.awt.Container.dispatchEventImpl(Container.java:2310), java.desktop/java.awt.Window.dispatchEventImpl(Window.java:2780), java.desktop/java.awt.Component.dispatchEvent(Component.java:4828), java.desktop/java.awt.EventQueue.dispatchEventImpl(EventQueue.java:775), java.desktop/java.awt.EventQueue$4.run(EventQueue.java:720), java.desktop/java.awt.EventQueue$4.run(EventQueue.java:714), java.base/java.security.AccessController.doPrivileged(AccessController.java:400), java.base/java.security.ProtectionDomain$JavaSecurityAccessImpl.doIntersectionPrivilege(ProtectionDomain.java:87), java.base/java.security.ProtectionDomain$JavaSecurityAccessImpl.doIntersectionPrivilege(ProtectionDomain.java:98), java.desktop/java.awt.EventQueue$5.run(EventQueue.java:747), java.desktop/java.awt.EventQueue$5.run(EventQueue.java:745), java.base/java.security.AccessController.doPrivileged(AccessController.java:400), java.base/java.security.ProtectionDomain$JavaSecurityAccessImpl.doIntersectionPrivilege(ProtectionDomain.java:87), java.desktop/java.awt.EventQueue.dispatchEvent(EventQueue.java:744), java.desktop/java.awt.EventDispatchThread.pumpOneEventForFilters(EventDispatchThread.java:203), java.desktop/java.awt.EventDispatchThread.pumpEventsForFilter(EventDispatchThread.java:124), java.desktop/java.awt.EventDispatchThread.pumpEventsForHierarchy(EventDispatchThread.java:113), java.desktop/java.awt.EventDispatchThread.pumpEvents(EventDispatchThread.java:109), java.desktop/java.awt.EventDispatchThread.pumpEvents(EventDispatchThread.java:101), java.desktop/java.awt.EventDispatchThread.run(EventDispatchThread.java:90)]</message>
</record>
<record>
  <date>2024-12-04T04:51:50.355546900Z</date>
  <millis>1733287910355</millis>
  <nanos>546900</nanos>
  <sequence>1</sequence>
  <logger>global</logger>
  <level>SEVERE</level>
  <class>Utilities.Bitacora</class>
  <method>registrar</method>
  <thread>25</thread>
  <message>Illegal mix of collations (utf8mb4_general_ci,IMPLICIT) and (utf8mb4_0900_ai_ci,IMPLICIT) for operation 'like'****[com.mysql.cj.jdbc.exceptions.SQLError.createSQLException(SQLError.java:130), com.mysql.cj.jdbc.exceptions.SQLExceptionsMapping.translateException(SQLExceptionsMapping.java:122), com.mysql.cj.jdbc.ClientPreparedStatement.executeInternal(ClientPreparedStatement.java:912), com.mysql.cj.jdbc.ClientPreparedStatement.executeQuery(ClientPreparedStatement.java:968), com.mysql.cj.jdbc.CallableStatement.executeQuery(CallableStatement.java:904), DataAccessLayer.UsuarioDAO.buscarPorUsuario(UsuarioDAO.java:137), BusinessLayer.UsuarioBO.buscarPorUsuario(UsuarioBO.java:46), PresentationLayer.AdministradorMenu.jbUsuarioBuscarActionPerformed(AdministradorMenu.java:2718), PresentationLayer.AdministradorMenu$8.actionPerformed(AdministradorMenu.java:522), java.desktop/javax.swing.AbstractButton.fireActionPerformed(AbstractButton.java:1972), java.desktop/javax.swing.AbstractButton$Handler.actionPerformed(AbstractButton.java:2314), java.desktop/javax.swing.DefaultButtonModel.fireActionPerformed(DefaultButtonModel.java:407), java.desktop/javax.swing.DefaultButtonModel.setPressed(DefaultButtonModel.java:262), java.desktop/javax.swing.plaf.basic.BasicButtonListener.mouseReleased(BasicButtonListener.java:279), java.desktop/java.awt.Component.processMouseEvent(Component.java:6621), java.desktop/javax.swing.JComponent.processMouseEvent(JComponent.java:3398), java.desktop/java.awt.Component.processEvent(Component.java:6386), java.desktop/java.awt.Container.processEvent(Container.java:2266), java.desktop/java.awt.Component.dispatchEventImpl(Component.java:4996), java.desktop/java.awt.Container.dispatchEventImpl(Container.java:2324), java.desktop/java.awt.Component.dispatchEvent(Component.java:4828), java.desktop/java.awt.LightweightDispatcher.retargetMouseEvent(Container.java:4948), java.desktop/java.awt.LightweightDispatcher.processMouseEvent(Container.java:4575), java.desktop/java.awt.LightweightDispatcher.dispatchEvent(Container.java:4516), java.desktop/java.awt.Container.dispatchEventImpl(Container.java:2310), java.desktop/java.awt.Window.dispatchEventImpl(Window.java:2780), java.desktop/java.awt.Component.dispatchEvent(Component.java:4828), java.desktop/java.awt.EventQueue.dispatchEventImpl(EventQueue.java:775), java.desktop/java.awt.EventQueue$4.run(EventQueue.java:720), java.desktop/java.awt.EventQueue$4.run(EventQueue.java:714), java.base/java.security.AccessController.doPrivileged(AccessController.java:400), java.base/java.security.ProtectionDomain$JavaSecurityAccessImpl.doIntersectionPrivilege(ProtectionDomain.java:87), java.base/java.security.ProtectionDomain$JavaSecurityAccessImpl.doIntersectionPrivilege(ProtectionDomain.java:98), java.desktop/java.awt.EventQueue$5.run(EventQueue.java:747), java.desktop/java.awt.EventQueue$5.run(EventQueue.java:745), java.base/java.security.AccessController.doPrivileged(AccessController.java:400), java.base/java.security.ProtectionDomain$JavaSecurityAccessImpl.doIntersectionPrivilege(ProtectionDomain.java:87), java.desktop/java.awt.EventQueue.dispatchEvent(EventQueue.java:744), java.desktop/java.awt.EventDispatchThread.pumpOneEventForFilters(EventDispatchThread.java:203), java.desktop/java.awt.EventDispatchThread.pumpEventsForFilter(EventDispatchThread.java:124), java.desktop/java.awt.EventDispatchThread.pumpEventsForHierarchy(EventDispatchThread.java:113), java.desktop/java.awt.EventDispatchThread.pumpEvents(EventDispatchThread.java:109), java.desktop/java.awt.EventDispatchThread.pumpEvents(EventDispatchThread.java:101), java.desktop/java.awt.EventDispatchThread.run(EventDispatchThread.java:90)]</message>
</record>
</log>
<?xml version="1.0" encoding="UTF-8" standalone="no"?>
<!DOCTYPE log SYSTEM "logger.dtd">
<log>
<record>
  <date>2024-12-04T05:09:38.583136Z</date>
  <millis>1733288978583</millis>
  <nanos>136000</nanos>
  <sequence>0</sequence>
  <logger>global</logger>
  <level>SEVERE</level>
  <class>Utilities.Bitacora</class>
  <method>registrar</method>
  <thread>25</thread>
  <message>Illegal mix of collations (utf8mb4_general_ci,IMPLICIT) and (utf8mb4_0900_ai_ci,IMPLICIT) for operation 'like'****[com.mysql.cj.jdbc.exceptions.SQLError.createSQLException(SQLError.java:130), com.mysql.cj.jdbc.exceptions.SQLExceptionsMapping.translateException(SQLExceptionsMapping.java:122), com.mysql.cj.jdbc.ClientPreparedStatement.executeInternal(ClientPreparedStatement.java:912), com.mysql.cj.jdbc.ClientPreparedStatement.executeQuery(ClientPreparedStatement.java:968), com.mysql.cj.jdbc.CallableStatement.executeQuery(CallableStatement.java:904), DataAccessLayer.UsuarioDAO.buscarPorUsuario(UsuarioDAO.java:137), BusinessLayer.UsuarioBO.buscarPorUsuario(UsuarioBO.java:46), PresentationLayer.AdministradorMenu.jbUsuarioBuscarActionPerformed(AdministradorMenu.java:2718), PresentationLayer.AdministradorMenu$8.actionPerformed(AdministradorMenu.java:522), java.desktop/javax.swing.AbstractButton.fireActionPerformed(AbstractButton.java:1972), java.desktop/javax.swing.AbstractButton$Handler.actionPerformed(AbstractButton.java:2314), java.desktop/javax.swing.DefaultButtonModel.fireActionPerformed(DefaultButtonModel.java:407), java.desktop/javax.swing.DefaultButtonModel.setPressed(DefaultButtonModel.java:262), java.desktop/javax.swing.plaf.basic.BasicButtonListener.mouseReleased(BasicButtonListener.java:279), java.desktop/java.awt.Component.processMouseEvent(Component.java:6621), java.desktop/javax.swing.JComponent.processMouseEvent(JComponent.java:3398), java.desktop/java.awt.Component.processEvent(Component.java:6386), java.desktop/java.awt.Container.processEvent(Container.java:2266), java.desktop/java.awt.Component.dispatchEventImpl(Component.java:4996), java.desktop/java.awt.Container.dispatchEventImpl(Container.java:2324), java.desktop/java.awt.Component.dispatchEvent(Component.java:4828), java.desktop/java.awt.LightweightDispatcher.retargetMouseEvent(Container.java:4948), java.desktop/java.awt.LightweightDispatcher.processMouseEvent(Container.java:4575), java.desktop/java.awt.LightweightDispatcher.dispatchEvent(Container.java:4516), java.desktop/java.awt.Container.dispatchEventImpl(Container.java:2310), java.desktop/java.awt.Window.dispatchEventImpl(Window.java:2780), java.desktop/java.awt.Component.dispatchEvent(Component.java:4828), java.desktop/java.awt.EventQueue.dispatchEventImpl(EventQueue.java:775), java.desktop/java.awt.EventQueue$4.run(EventQueue.java:720), java.desktop/java.awt.EventQueue$4.run(EventQueue.java:714), java.base/java.security.AccessController.doPrivileged(AccessController.java:400), java.base/java.security.ProtectionDomain$JavaSecurityAccessImpl.doIntersectionPrivilege(ProtectionDomain.java:87), java.base/java.security.ProtectionDomain$JavaSecurityAccessImpl.doIntersectionPrivilege(ProtectionDomain.java:98), java.desktop/java.awt.EventQueue$5.run(EventQueue.java:747), java.desktop/java.awt.EventQueue$5.run(EventQueue.java:745), java.base/java.security.AccessController.doPrivileged(AccessController.java:400), java.base/java.security.ProtectionDomain$JavaSecurityAccessImpl.doIntersectionPrivilege(ProtectionDomain.java:87), java.desktop/java.awt.EventQueue.dispatchEvent(EventQueue.java:744), java.desktop/java.awt.EventDispatchThread.pumpOneEventForFilters(EventDispatchThread.java:203), java.desktop/java.awt.EventDispatchThread.pumpEventsForFilter(EventDispatchThread.java:124), java.desktop/java.awt.EventDispatchThread.pumpEventsForHierarchy(EventDispatchThread.java:113), java.desktop/java.awt.EventDispatchThread.pumpEvents(EventDispatchThread.java:109), java.desktop/java.awt.EventDispatchThread.pumpEvents(EventDispatchThread.java:101), java.desktop/java.awt.EventDispatchThread.run(EventDispatchThread.java:90)]</message>
</record>
<record>
  <date>2024-12-04T05:09:48.413238200Z</date>
  <millis>1733288988413</millis>
  <nanos>238200</nanos>
  <sequence>1</sequence>
  <logger>global</logger>
  <level>SEVERE</level>
  <class>Utilities.Bitacora</class>
  <method>registrar</method>
  <thread>25</thread>
  <message>Illegal mix of collations (utf8mb4_general_ci,IMPLICIT) and (utf8mb4_0900_ai_ci,IMPLICIT) for operation 'like'****[com.mysql.cj.jdbc.exceptions.SQLError.createSQLException(SQLError.java:130), com.mysql.cj.jdbc.exceptions.SQLExceptionsMapping.translateException(SQLExceptionsMapping.java:122), com.mysql.cj.jdbc.ClientPreparedStatement.executeInternal(ClientPreparedStatement.java:912), com.mysql.cj.jdbc.ClientPreparedStatement.executeQuery(ClientPreparedStatement.java:968), com.mysql.cj.jdbc.CallableStatement.executeQuery(CallableStatement.java:904), DataAccessLayer.UsuarioDAO.buscarPorUsuario(UsuarioDAO.java:137), BusinessLayer.UsuarioBO.buscarPorUsuario(UsuarioBO.java:46), PresentationLayer.AdministradorMenu.jbUsuarioBuscarActionPerformed(AdministradorMenu.java:2718), PresentationLayer.AdministradorMenu$8.actionPerformed(AdministradorMenu.java:522), java.desktop/javax.swing.AbstractButton.fireActionPerformed(AbstractButton.java:1972), java.desktop/javax.swing.AbstractButton$Handler.actionPerformed(AbstractButton.java:2314), java.desktop/javax.swing.DefaultButtonModel.fireActionPerformed(DefaultButtonModel.java:407), java.desktop/javax.swing.DefaultButtonModel.setPressed(DefaultButtonModel.java:262), java.desktop/javax.swing.plaf.basic.BasicButtonListener.mouseReleased(BasicButtonListener.java:279), java.desktop/java.awt.Component.processMouseEvent(Component.java:6621), java.desktop/javax.swing.JComponent.processMouseEvent(JComponent.java:3398), java.desktop/java.awt.Component.processEvent(Component.java:6386), java.desktop/java.awt.Container.processEvent(Container.java:2266), java.desktop/java.awt.Component.dispatchEventImpl(Component.java:4996), java.desktop/java.awt.Container.dispatchEventImpl(Container.java:2324), java.desktop/java.awt.Component.dispatchEvent(Component.java:4828), java.desktop/java.awt.LightweightDispatcher.retargetMouseEvent(Container.java:4948), java.desktop/java.awt.LightweightDispatcher.processMouseEvent(Container.java:4575), java.desktop/java.awt.LightweightDispatcher.dispatchEvent(Container.java:4516), java.desktop/java.awt.Container.dispatchEventImpl(Container.java:2310), java.desktop/java.awt.Window.dispatchEventImpl(Window.java:2780), java.desktop/java.awt.Component.dispatchEvent(Component.java:4828), java.desktop/java.awt.EventQueue.dispatchEventImpl(EventQueue.java:775), java.desktop/java.awt.EventQueue$4.run(EventQueue.java:720), java.desktop/java.awt.EventQueue$4.run(EventQueue.java:714), java.base/java.security.AccessController.doPrivileged(AccessController.java:400), java.base/java.security.ProtectionDomain$JavaSecurityAccessImpl.doIntersectionPrivilege(ProtectionDomain.java:87), java.base/java.security.ProtectionDomain$JavaSecurityAccessImpl.doIntersectionPrivilege(ProtectionDomain.java:98), java.desktop/java.awt.EventQueue$5.run(EventQueue.java:747), java.desktop/java.awt.EventQueue$5.run(EventQueue.java:745), java.base/java.security.AccessController.doPrivileged(AccessController.java:400), java.base/java.security.ProtectionDomain$JavaSecurityAccessImpl.doIntersectionPrivilege(ProtectionDomain.java:87), java.desktop/java.awt.EventQueue.dispatchEvent(EventQueue.java:744), java.desktop/java.awt.EventDispatchThread.pumpOneEventForFilters(EventDispatchThread.java:203), java.desktop/java.awt.EventDispatchThread.pumpEventsForFilter(EventDispatchThread.java:124), java.desktop/java.awt.EventDispatchThread.pumpEventsForHierarchy(EventDispatchThread.java:113), java.desktop/java.awt.EventDispatchThread.pumpEvents(EventDispatchThread.java:109), java.desktop/java.awt.EventDispatchThread.pumpEvents(EventDispatchThread.java:101), java.desktop/java.awt.EventDispatchThread.run(EventDispatchThread.java:90)]</message>
</record>
<record>
  <date>2024-12-04T05:09:57.019439500Z</date>
  <millis>1733288997019</millis>
  <nanos>439500</nanos>
  <sequence>2</sequence>
  <logger>global</logger>
  <level>SEVERE</level>
  <class>Utilities.Bitacora</class>
  <method>registrar</method>
  <thread>25</thread>
  <message>Illegal mix of collations (utf8mb4_general_ci,IMPLICIT) and (utf8mb4_0900_ai_ci,IMPLICIT) for operation 'like'****[com.mysql.cj.jdbc.exceptions.SQLError.createSQLException(SQLError.java:130), com.mysql.cj.jdbc.exceptions.SQLExceptionsMapping.translateException(SQLExceptionsMapping.java:122), com.mysql.cj.jdbc.ClientPreparedStatement.executeInternal(ClientPreparedStatement.java:912), com.mysql.cj.jdbc.ClientPreparedStatement.executeQuery(ClientPreparedStatement.java:968), com.mysql.cj.jdbc.CallableStatement.executeQuery(CallableStatement.java:904), DataAccessLayer.UsuarioDAO.buscarPorUsuario(UsuarioDAO.java:137), BusinessLayer.UsuarioBO.buscarPorUsuario(UsuarioBO.java:46), PresentationLayer.AdministradorMenu.jbUsuarioBuscarActionPerformed(AdministradorMenu.java:2718), PresentationLayer.AdministradorMenu$8.actionPerformed(AdministradorMenu.java:522), java.desktop/javax.swing.AbstractButton.fireActionPerformed(AbstractButton.java:1972), java.desktop/javax.swing.AbstractButton$Handler.actionPerformed(AbstractButton.java:2314), java.desktop/javax.swing.DefaultButtonModel.fireActionPerformed(DefaultButtonModel.java:407), java.desktop/javax.swing.DefaultButtonModel.setPressed(DefaultButtonModel.java:262), java.desktop/javax.swing.plaf.basic.BasicButtonListener.mouseReleased(BasicButtonListener.java:279), java.desktop/java.awt.Component.processMouseEvent(Component.java:6621), java.desktop/javax.swing.JComponent.processMouseEvent(JComponent.java:3398), java.desktop/java.awt.Component.processEvent(Component.java:6386), java.desktop/java.awt.Container.processEvent(Container.java:2266), java.desktop/java.awt.Component.dispatchEventImpl(Component.java:4996), java.desktop/java.awt.Container.dispatchEventImpl(Container.java:2324), java.desktop/java.awt.Component.dispatchEvent(Component.java:4828), java.desktop/java.awt.LightweightDispatcher.retargetMouseEvent(Container.java:4948), java.desktop/java.awt.LightweightDispatcher.processMouseEvent(Container.java:4575), java.desktop/java.awt.LightweightDispatcher.dispatchEvent(Container.java:4516), java.desktop/java.awt.Container.dispatchEventImpl(Container.java:2310), java.desktop/java.awt.Window.dispatchEventImpl(Window.java:2780), java.desktop/java.awt.Component.dispatchEvent(Component.java:4828), java.desktop/java.awt.EventQueue.dispatchEventImpl(EventQueue.java:775), java.desktop/java.awt.EventQueue$4.run(EventQueue.java:720), java.desktop/java.awt.EventQueue$4.run(EventQueue.java:714), java.base/java.security.AccessController.doPrivileged(AccessController.java:400), java.base/java.security.ProtectionDomain$JavaSecurityAccessImpl.doIntersectionPrivilege(ProtectionDomain.java:87), java.base/java.security.ProtectionDomain$JavaSecurityAccessImpl.doIntersectionPrivilege(ProtectionDomain.java:98), java.desktop/java.awt.EventQueue$5.run(EventQueue.java:747), java.desktop/java.awt.EventQueue$5.run(EventQueue.java:745), java.base/java.security.AccessController.doPrivileged(AccessController.java:400), java.base/java.security.ProtectionDomain$JavaSecurityAccessImpl.doIntersectionPrivilege(ProtectionDomain.java:87), java.desktop/java.awt.EventQueue.dispatchEvent(EventQueue.java:744), java.desktop/java.awt.EventDispatchThread.pumpOneEventForFilters(EventDispatchThread.java:203), java.desktop/java.awt.EventDispatchThread.pumpEventsForFilter(EventDispatchThread.java:124), java.desktop/java.awt.EventDispatchThread.pumpEventsForHierarchy(EventDispatchThread.java:113), java.desktop/java.awt.EventDispatchThread.pumpEvents(EventDispatchThread.java:109), java.desktop/java.awt.EventDispatchThread.pumpEvents(EventDispatchThread.java:101), java.desktop/java.awt.EventDispatchThread.run(EventDispatchThread.java:90)]</message>
</record>
<record>
  <date>2024-12-04T05:10:13.975025500Z</date>
  <millis>1733289013975</millis>
  <nanos>25500</nanos>
  <sequence>3</sequence>
  <logger>global</logger>
  <level>SEVERE</level>
  <class>Utilities.Bitacora</class>
  <method>registrar</method>
  <thread>25</thread>
  <message>Illegal mix of collations (utf8mb4_general_ci,IMPLICIT) and (utf8mb4_0900_ai_ci,IMPLICIT) for operation 'like'****[com.mysql.cj.jdbc.exceptions.SQLError.createSQLException(SQLError.java:130), com.mysql.cj.jdbc.exceptions.SQLExceptionsMapping.translateException(SQLExceptionsMapping.java:122), com.mysql.cj.jdbc.ClientPreparedStatement.executeInternal(ClientPreparedStatement.java:912), com.mysql.cj.jdbc.ClientPreparedStatement.executeQuery(ClientPreparedStatement.java:968), com.mysql.cj.jdbc.CallableStatement.executeQuery(CallableStatement.java:904), DataAccessLayer.UsuarioDAO.buscarPorUsuario(UsuarioDAO.java:137), BusinessLayer.UsuarioBO.buscarPorUsuario(UsuarioBO.java:46), PresentationLayer.AdministradorMenu.jbUsuarioBuscarActionPerformed(AdministradorMenu.java:2718), PresentationLayer.AdministradorMenu$8.actionPerformed(AdministradorMenu.java:522), java.desktop/javax.swing.AbstractButton.fireActionPerformed(AbstractButton.java:1972), java.desktop/javax.swing.AbstractButton$Handler.actionPerformed(AbstractButton.java:2314), java.desktop/javax.swing.DefaultButtonModel.fireActionPerformed(DefaultButtonModel.java:407), java.desktop/javax.swing.DefaultButtonModel.setPressed(DefaultButtonModel.java:262), java.desktop/javax.swing.plaf.basic.BasicButtonListener.mouseReleased(BasicButtonListener.java:279), java.desktop/java.awt.Component.processMouseEvent(Component.java:6621), java.desktop/javax.swing.JComponent.processMouseEvent(JComponent.java:3398), java.desktop/java.awt.Component.processEvent(Component.java:6386), java.desktop/java.awt.Container.processEvent(Container.java:2266), java.desktop/java.awt.Component.dispatchEventImpl(Component.java:4996), java.desktop/java.awt.Container.dispatchEventImpl(Container.java:2324), java.desktop/java.awt.Component.dispatchEvent(Component.java:4828), java.desktop/java.awt.LightweightDispatcher.retargetMouseEvent(Container.java:4948), java.desktop/java.awt.LightweightDispatcher.processMouseEvent(Container.java:4575), java.desktop/java.awt.LightweightDispatcher.dispatchEvent(Container.java:4516), java.desktop/java.awt.Container.dispatchEventImpl(Container.java:2310), java.desktop/java.awt.Window.dispatchEventImpl(Window.java:2780), java.desktop/java.awt.Component.dispatchEvent(Component.java:4828), java.desktop/java.awt.EventQueue.dispatchEventImpl(EventQueue.java:775), java.desktop/java.awt.EventQueue$4.run(EventQueue.java:720), java.desktop/java.awt.EventQueue$4.run(EventQueue.java:714), java.base/java.security.AccessController.doPrivileged(AccessController.java:400), java.base/java.security.ProtectionDomain$JavaSecurityAccessImpl.doIntersectionPrivilege(ProtectionDomain.java:87), java.base/java.security.ProtectionDomain$JavaSecurityAccessImpl.doIntersectionPrivilege(ProtectionDomain.java:98), java.desktop/java.awt.EventQueue$5.run(EventQueue.java:747), java.desktop/java.awt.EventQueue$5.run(EventQueue.java:745), java.base/java.security.AccessController.doPrivileged(AccessController.java:400), java.base/java.security.ProtectionDomain$JavaSecurityAccessImpl.doIntersectionPrivilege(ProtectionDomain.java:87), java.desktop/java.awt.EventQueue.dispatchEvent(EventQueue.java:744), java.desktop/java.awt.EventDispatchThread.pumpOneEventForFilters(EventDispatchThread.java:203), java.desktop/java.awt.EventDispatchThread.pumpEventsForFilter(EventDispatchThread.java:124), java.desktop/java.awt.EventDispatchThread.pumpEventsForHierarchy(EventDispatchThread.java:113), java.desktop/java.awt.EventDispatchThread.pumpEvents(EventDispatchThread.java:109), java.desktop/java.awt.EventDispatchThread.pumpEvents(EventDispatchThread.java:101), java.desktop/java.awt.EventDispatchThread.run(EventDispatchThread.java:90)]</message>
</record>
</log>
<?xml version="1.0" encoding="UTF-8" standalone="no"?>
<!DOCTYPE log SYSTEM "logger.dtd">
<log>
<record>
  <date>2024-12-04T05:13:26.818069900Z</date>
  <millis>1733289206818</millis>
  <nanos>69900</nanos>
  <sequence>0</sequence>
  <logger>global</logger>
  <level>SEVERE</level>
  <class>Utilities.Bitacora</class>
  <method>registrar</method>
  <thread>25</thread>
  <message>Illegal mix of collations (utf8mb4_general_ci,IMPLICIT) and (utf8mb4_0900_ai_ci,IMPLICIT) for operation 'like'****[com.mysql.cj.jdbc.exceptions.SQLError.createSQLException(SQLError.java:130), com.mysql.cj.jdbc.exceptions.SQLExceptionsMapping.translateException(SQLExceptionsMapping.java:122), com.mysql.cj.jdbc.ClientPreparedStatement.executeInternal(ClientPreparedStatement.java:912), com.mysql.cj.jdbc.ClientPreparedStatement.executeQuery(ClientPreparedStatement.java:968), com.mysql.cj.jdbc.CallableStatement.executeQuery(CallableStatement.java:904), DataAccessLayer.UsuarioDAO.buscarPorUsuario(UsuarioDAO.java:137), BusinessLayer.UsuarioBO.buscarPorUsuario(UsuarioBO.java:46), PresentationLayer.AdministradorMenu.jbUsuarioBuscarActionPerformed(AdministradorMenu.java:2718), PresentationLayer.AdministradorMenu$8.actionPerformed(AdministradorMenu.java:522), java.desktop/javax.swing.AbstractButton.fireActionPerformed(AbstractButton.java:1972), java.desktop/javax.swing.AbstractButton$Handler.actionPerformed(AbstractButton.java:2314), java.desktop/javax.swing.DefaultButtonModel.fireActionPerformed(DefaultButtonModel.java:407), java.desktop/javax.swing.DefaultButtonModel.setPressed(DefaultButtonModel.java:262), java.desktop/javax.swing.plaf.basic.BasicButtonListener.mouseReleased(BasicButtonListener.java:279), java.desktop/java.awt.Component.processMouseEvent(Component.java:6621), java.desktop/javax.swing.JComponent.processMouseEvent(JComponent.java:3398), java.desktop/java.awt.Component.processEvent(Component.java:6386), java.desktop/java.awt.Container.processEvent(Container.java:2266), java.desktop/java.awt.Component.dispatchEventImpl(Component.java:4996), java.desktop/java.awt.Container.dispatchEventImpl(Container.java:2324), java.desktop/java.awt.Component.dispatchEvent(Component.java:4828), java.desktop/java.awt.LightweightDispatcher.retargetMouseEvent(Container.java:4948), java.desktop/java.awt.LightweightDispatcher.processMouseEvent(Container.java:4575), java.desktop/java.awt.LightweightDispatcher.dispatchEvent(Container.java:4516), java.desktop/java.awt.Container.dispatchEventImpl(Container.java:2310), java.desktop/java.awt.Window.dispatchEventImpl(Window.java:2780), java.desktop/java.awt.Component.dispatchEvent(Component.java:4828), java.desktop/java.awt.EventQueue.dispatchEventImpl(EventQueue.java:775), java.desktop/java.awt.EventQueue$4.run(EventQueue.java:720), java.desktop/java.awt.EventQueue$4.run(EventQueue.java:714), java.base/java.security.AccessController.doPrivileged(AccessController.java:400), java.base/java.security.ProtectionDomain$JavaSecurityAccessImpl.doIntersectionPrivilege(ProtectionDomain.java:87), java.base/java.security.ProtectionDomain$JavaSecurityAccessImpl.doIntersectionPrivilege(ProtectionDomain.java:98), java.desktop/java.awt.EventQueue$5.run(EventQueue.java:747), java.desktop/java.awt.EventQueue$5.run(EventQueue.java:745), java.base/java.security.AccessController.doPrivileged(AccessController.java:400), java.base/java.security.ProtectionDomain$JavaSecurityAccessImpl.doIntersectionPrivilege(ProtectionDomain.java:87), java.desktop/java.awt.EventQueue.dispatchEvent(EventQueue.java:744), java.desktop/java.awt.EventDispatchThread.pumpOneEventForFilters(EventDispatchThread.java:203), java.desktop/java.awt.EventDispatchThread.pumpEventsForFilter(EventDispatchThread.java:124), java.desktop/java.awt.EventDispatchThread.pumpEventsForHierarchy(EventDispatchThread.java:113), java.desktop/java.awt.EventDispatchThread.pumpEvents(EventDispatchThread.java:109), java.desktop/java.awt.EventDispatchThread.pumpEvents(EventDispatchThread.java:101), java.desktop/java.awt.EventDispatchThread.run(EventDispatchThread.java:90)]</message>
</record>
</log>
<?xml version="1.0" encoding="UTF-8" standalone="no"?>
<!DOCTYPE log SYSTEM "logger.dtd">
<log>
<record>
  <date>2024-12-04T05:20:34.876447400Z</date>
  <millis>1733289634876</millis>
  <nanos>447400</nanos>
  <sequence>0</sequence>
  <logger>global</logger>
  <level>SEVERE</level>
  <class>Utilities.Bitacora</class>
  <method>registrar</method>
  <thread>28</thread>
  <message>Illegal mix of collations (utf8mb4_general_ci,IMPLICIT) and (utf8mb4_0900_ai_ci,IMPLICIT) for operation 'like'****[com.mysql.cj.jdbc.exceptions.SQLError.createSQLException(SQLError.java:130), com.mysql.cj.jdbc.exceptions.SQLExceptionsMapping.translateException(SQLExceptionsMapping.java:122), com.mysql.cj.jdbc.ClientPreparedStatement.executeInternal(ClientPreparedStatement.java:912), com.mysql.cj.jdbc.ClientPreparedStatement.executeQuery(ClientPreparedStatement.java:968), com.mysql.cj.jdbc.CallableStatement.executeQuery(CallableStatement.java:904), DataAccessLayer.UsuarioDAO.buscarPorUsuario(UsuarioDAO.java:137), BusinessLayer.UsuarioBO.buscarPorUsuario(UsuarioBO.java:46), PresentationLayer.AdministradorMenu.jbUsuarioBuscarActionPerformed(AdministradorMenu.java:2718), PresentationLayer.AdministradorMenu$8.actionPerformed(AdministradorMenu.java:522), java.desktop/javax.swing.AbstractButton.fireActionPerformed(AbstractButton.java:1972), java.desktop/javax.swing.AbstractButton$Handler.actionPerformed(AbstractButton.java:2314), java.desktop/javax.swing.DefaultButtonModel.fireActionPerformed(DefaultButtonModel.java:407), java.desktop/javax.swing.DefaultButtonModel.setPressed(DefaultButtonModel.java:262), java.desktop/javax.swing.plaf.basic.BasicButtonListener.mouseReleased(BasicButtonListener.java:279), java.desktop/java.awt.Component.processMouseEvent(Component.java:6621), java.desktop/javax.swing.JComponent.processMouseEvent(JComponent.java:3398), java.desktop/java.awt.Component.processEvent(Component.java:6386), java.desktop/java.awt.Container.processEvent(Container.java:2266), java.desktop/java.awt.Component.dispatchEventImpl(Component.java:4996), java.desktop/java.awt.Container.dispatchEventImpl(Container.java:2324), java.desktop/java.awt.Component.dispatchEvent(Component.java:4828), java.desktop/java.awt.LightweightDispatcher.retargetMouseEvent(Container.java:4948), java.desktop/java.awt.LightweightDispatcher.processMouseEvent(Container.java:4575), java.desktop/java.awt.LightweightDispatcher.dispatchEvent(Container.java:4516), java.desktop/java.awt.Container.dispatchEventImpl(Container.java:2310), java.desktop/java.awt.Window.dispatchEventImpl(Window.java:2780), java.desktop/java.awt.Component.dispatchEvent(Component.java:4828), java.desktop/java.awt.EventQueue.dispatchEventImpl(EventQueue.java:775), java.desktop/java.awt.EventQueue$4.run(EventQueue.java:720), java.desktop/java.awt.EventQueue$4.run(EventQueue.java:714), java.base/java.security.AccessController.doPrivileged(AccessController.java:400), java.base/java.security.ProtectionDomain$JavaSecurityAccessImpl.doIntersectionPrivilege(ProtectionDomain.java:87), java.base/java.security.ProtectionDomain$JavaSecurityAccessImpl.doIntersectionPrivilege(ProtectionDomain.java:98), java.desktop/java.awt.EventQueue$5.run(EventQueue.java:747), java.desktop/java.awt.EventQueue$5.run(EventQueue.java:745), java.base/java.security.AccessController.doPrivileged(AccessController.java:400), java.base/java.security.ProtectionDomain$JavaSecurityAccessImpl.doIntersectionPrivilege(ProtectionDomain.java:87), java.desktop/java.awt.EventQueue.dispatchEvent(EventQueue.java:744), java.desktop/java.awt.EventDispatchThread.pumpOneEventForFilters(EventDispatchThread.java:203), java.desktop/java.awt.EventDispatchThread.pumpEventsForFilter(EventDispatchThread.java:124), java.desktop/java.awt.EventDispatchThread.pumpEventsForHierarchy(EventDispatchThread.java:113), java.desktop/java.awt.EventDispatchThread.pumpEvents(EventDispatchThread.java:109), java.desktop/java.awt.EventDispatchThread.pumpEvents(EventDispatchThread.java:101), java.desktop/java.awt.EventDispatchThread.run(EventDispatchThread.java:90)]</message>
</record>
<record>
  <date>2024-12-04T05:20:53.705458300Z</date>
  <millis>1733289653705</millis>
  <nanos>458300</nanos>
  <sequence>1</sequence>
  <logger>global</logger>
  <level>SEVERE</level>
  <class>Utilities.Bitacora</class>
  <method>registrar</method>
  <thread>28</thread>
  <message>Illegal mix of collations (utf8mb4_general_ci,IMPLICIT) and (utf8mb4_0900_ai_ci,IMPLICIT) for operation 'like'****[com.mysql.cj.jdbc.exceptions.SQLError.createSQLException(SQLError.java:130), com.mysql.cj.jdbc.exceptions.SQLExceptionsMapping.translateException(SQLExceptionsMapping.java:122), com.mysql.cj.jdbc.ClientPreparedStatement.executeInternal(ClientPreparedStatement.java:912), com.mysql.cj.jdbc.ClientPreparedStatement.executeQuery(ClientPreparedStatement.java:968), com.mysql.cj.jdbc.CallableStatement.executeQuery(CallableStatement.java:904), DataAccessLayer.UsuarioDAO.buscarPorUsuario(UsuarioDAO.java:137), BusinessLayer.UsuarioBO.buscarPorUsuario(UsuarioBO.java:46), PresentationLayer.AdministradorMenu.jbUsuarioBuscarActionPerformed(AdministradorMenu.java:2718), PresentationLayer.AdministradorMenu$8.actionPerformed(AdministradorMenu.java:522), java.desktop/javax.swing.AbstractButton.fireActionPerformed(AbstractButton.java:1972), java.desktop/javax.swing.AbstractButton$Handler.actionPerformed(AbstractButton.java:2314), java.desktop/javax.swing.DefaultButtonModel.fireActionPerformed(DefaultButtonModel.java:407), java.desktop/javax.swing.DefaultButtonModel.setPressed(DefaultButtonModel.java:262), java.desktop/javax.swing.plaf.basic.BasicButtonListener.mouseReleased(BasicButtonListener.java:279), java.desktop/java.awt.Component.processMouseEvent(Component.java:6621), java.desktop/javax.swing.JComponent.processMouseEvent(JComponent.java:3398), java.desktop/java.awt.Component.processEvent(Component.java:6386), java.desktop/java.awt.Container.processEvent(Container.java:2266), java.desktop/java.awt.Component.dispatchEventImpl(Component.java:4996), java.desktop/java.awt.Container.dispatchEventImpl(Container.java:2324), java.desktop/java.awt.Component.dispatchEvent(Component.java:4828), java.desktop/java.awt.LightweightDispatcher.retargetMouseEvent(Container.java:4948), java.desktop/java.awt.LightweightDispatcher.processMouseEvent(Container.java:4575), java.desktop/java.awt.LightweightDispatcher.dispatchEvent(Container.java:4516), java.desktop/java.awt.Container.dispatchEventImpl(Container.java:2310), java.desktop/java.awt.Window.dispatchEventImpl(Window.java:2780), java.desktop/java.awt.Component.dispatchEvent(Component.java:4828), java.desktop/java.awt.EventQueue.dispatchEventImpl(EventQueue.java:775), java.desktop/java.awt.EventQueue$4.run(EventQueue.java:720), java.desktop/java.awt.EventQueue$4.run(EventQueue.java:714), java.base/java.security.AccessController.doPrivileged(AccessController.java:400), java.base/java.security.ProtectionDomain$JavaSecurityAccessImpl.doIntersectionPrivilege(ProtectionDomain.java:87), java.base/java.security.ProtectionDomain$JavaSecurityAccessImpl.doIntersectionPrivilege(ProtectionDomain.java:98), java.desktop/java.awt.EventQueue$5.run(EventQueue.java:747), java.desktop/java.awt.EventQueue$5.run(EventQueue.java:745), java.base/java.security.AccessController.doPrivileged(AccessController.java:400), java.base/java.security.ProtectionDomain$JavaSecurityAccessImpl.doIntersectionPrivilege(ProtectionDomain.java:87), java.desktop/java.awt.EventQueue.dispatchEvent(EventQueue.java:744), java.desktop/java.awt.EventDispatchThread.pumpOneEventForFilters(EventDispatchThread.java:203), java.desktop/java.awt.EventDispatchThread.pumpEventsForFilter(EventDispatchThread.java:124), java.desktop/java.awt.EventDispatchThread.pumpEventsForHierarchy(EventDispatchThread.java:113), java.desktop/java.awt.EventDispatchThread.pumpEvents(EventDispatchThread.java:109), java.desktop/java.awt.EventDispatchThread.pumpEvents(EventDispatchThread.java:101), java.desktop/java.awt.EventDispatchThread.run(EventDispatchThread.java:90)]</message>
</record>
<?xml version="1.0" encoding="UTF-8" standalone="no"?>
<!DOCTYPE log SYSTEM "logger.dtd">
<log>
<record>
  <date>2024-12-04T15:17:15.724060Z</date>
  <millis>1733325435724</millis>
  <nanos>60000</nanos>
  <sequence>0</sequence>
  <logger>global</logger>
  <level>SEVERE</level>
  <class>Utilities.Bitacora</class>
  <method>registrar</method>
  <thread>25</thread>
  <message>Illegal mix of collations (utf8mb4_general_ci,IMPLICIT) and (utf8mb4_0900_ai_ci,IMPLICIT) for operation 'like'****[com.mysql.cj.jdbc.exceptions.SQLError.createSQLException(SQLError.java:130), com.mysql.cj.jdbc.exceptions.SQLExceptionsMapping.translateException(SQLExceptionsMapping.java:122), com.mysql.cj.jdbc.ClientPreparedStatement.executeInternal(ClientPreparedStatement.java:912), com.mysql.cj.jdbc.ClientPreparedStatement.executeQuery(ClientPreparedStatement.java:968), com.mysql.cj.jdbc.CallableStatement.executeQuery(CallableStatement.java:904), DataAccessLayer.UsuarioDAO.buscarPorUsuario(UsuarioDAO.java:137), BusinessLayer.UsuarioBO.buscarPorUsuario(UsuarioBO.java:46), PresentationLayer.AdministradorMenu.jbUsuarioBuscarActionPerformed(AdministradorMenu.java:2695), PresentationLayer.AdministradorMenu$8.actionPerformed(AdministradorMenu.java:520), java.desktop/javax.swing.AbstractButton.fireActionPerformed(AbstractButton.java:1972), java.desktop/javax.swing.AbstractButton$Handler.actionPerformed(AbstractButton.java:2314), java.desktop/javax.swing.DefaultButtonModel.fireActionPerformed(DefaultButtonModel.java:407), java.desktop/javax.swing.DefaultButtonModel.setPressed(DefaultButtonModel.java:262), java.desktop/javax.swing.plaf.basic.BasicButtonListener.mouseReleased(BasicButtonListener.java:279), java.desktop/java.awt.Component.processMouseEvent(Component.java:6621), java.desktop/javax.swing.JComponent.processMouseEvent(JComponent.java:3398), java.desktop/java.awt.Component.processEvent(Component.java:6386), java.desktop/java.awt.Container.processEvent(Container.java:2266), java.desktop/java.awt.Component.dispatchEventImpl(Component.java:4996), java.desktop/java.awt.Container.dispatchEventImpl(Container.java:2324), java.desktop/java.awt.Component.dispatchEvent(Component.java:4828), java.desktop/java.awt.LightweightDispatcher.retargetMouseEvent(Container.java:4948), java.desktop/java.awt.LightweightDispatcher.processMouseEvent(Container.java:4575), java.desktop/java.awt.LightweightDispatcher.dispatchEvent(Container.java:4516), java.desktop/java.awt.Container.dispatchEventImpl(Container.java:2310), java.desktop/java.awt.Window.dispatchEventImpl(Window.java:2780), java.desktop/java.awt.Component.dispatchEvent(Component.java:4828), java.desktop/java.awt.EventQueue.dispatchEventImpl(EventQueue.java:775), java.desktop/java.awt.EventQueue$4.run(EventQueue.java:720), java.desktop/java.awt.EventQueue$4.run(EventQueue.java:714), java.base/java.security.AccessController.doPrivileged(AccessController.java:400), java.base/java.security.ProtectionDomain$JavaSecurityAccessImpl.doIntersectionPrivilege(ProtectionDomain.java:87), java.base/java.security.ProtectionDomain$JavaSecurityAccessImpl.doIntersectionPrivilege(ProtectionDomain.java:98), java.desktop/java.awt.EventQueue$5.run(EventQueue.java:747), java.desktop/java.awt.EventQueue$5.run(EventQueue.java:745), java.base/java.security.AccessController.doPrivileged(AccessController.java:400), java.base/java.security.ProtectionDomain$JavaSecurityAccessImpl.doIntersectionPrivilege(ProtectionDomain.java:87), java.desktop/java.awt.EventQueue.dispatchEvent(EventQueue.java:744), java.desktop/java.awt.EventDispatchThread.pumpOneEventForFilters(EventDispatchThread.java:203), java.desktop/java.awt.EventDispatchThread.pumpEventsForFilter(EventDispatchThread.java:124), java.desktop/java.awt.EventDispatchThread.pumpEventsForHierarchy(EventDispatchThread.java:113), java.desktop/java.awt.EventDispatchThread.pumpEvents(EventDispatchThread.java:109), java.desktop/java.awt.EventDispatchThread.pumpEvents(EventDispatchThread.java:101), java.desktop/java.awt.EventDispatchThread.run(EventDispatchThread.java:90)]</message>
</record>
</log>
<?xml version="1.0" encoding="UTF-8" standalone="no"?>
<!DOCTYPE log SYSTEM "logger.dtd">
<log>
<record>
  <date>2024-12-04T16:00:44.225554500Z</date>
  <millis>1733328044225</millis>
  <nanos>554500</nanos>
  <sequence>0</sequence>
  <logger>global</logger>
  <level>SEVERE</level>
  <class>Utilities.Bitacora</class>
  <method>registrar</method>
  <thread>25</thread>
  <message>Field 'tipo' doesn't have a default value****[com.mysql.cj.jdbc.exceptions.SQLError.createSQLException(SQLError.java:130), com.mysql.cj.jdbc.exceptions.SQLExceptionsMapping.translateException(SQLExceptionsMapping.java:122), com.mysql.cj.jdbc.ClientPreparedStatement.executeInternal(ClientPreparedStatement.java:912), com.mysql.cj.jdbc.ClientPreparedStatement.executeUpdateInternal(ClientPreparedStatement.java:1054), com.mysql.cj.jdbc.ClientPreparedStatement.executeUpdateInternal(ClientPreparedStatement.java:1003), com.mysql.cj.jdbc.ClientPreparedStatement.executeLargeUpdate(ClientPreparedStatement.java:1312), com.mysql.cj.jdbc.CallableStatement.executeLargeUpdate(CallableStatement.java:2503), com.mysql.cj.jdbc.CallableStatement.executeUpdate(CallableStatement.java:914), DataAccessLayer.PlatoComidaDAO.insertar(PlatoComidaDAO.java:28), BusinessLayer.PlatoComidaBO.insertar(PlatoComidaBO.java:13), PresentationLayer.AdministradorMenu.jbPlatosGuardarActionPerformed(AdministradorMenu.java:2399), PresentationLayer.AdministradorMenu$24.actionPerformed(AdministradorMenu.java:1010), java.desktop/javax.swing.AbstractButton.fireActionPerformed(AbstractButton.java:1972), java.desktop/javax.swing.AbstractButton$Handler.actionPerformed(AbstractButton.java:2314), java.desktop/javax.swing.DefaultButtonModel.fireActionPerformed(DefaultButtonModel.java:407), java.desktop/javax.swing.DefaultButtonModel.setPressed(DefaultButtonModel.java:262), java.desktop/javax.swing.plaf.basic.BasicButtonListener.mouseReleased(BasicButtonListener.java:279), java.desktop/java.awt.Component.processMouseEvent(Component.java:6621), java.desktop/javax.swing.JComponent.processMouseEvent(JComponent.java:3398), java.desktop/java.awt.Component.processEvent(Component.java:6386), java.desktop/java.awt.Container.processEvent(Container.java:2266), java.desktop/java.awt.Component.dispatchEventImpl(Component.java:4996), java.desktop/java.awt.Container.dispatchEventImpl(Container.java:2324), java.desktop/java.awt.Component.dispatchEvent(Component.java:4828), java.desktop/java.awt.LightweightDispatcher.retargetMouseEvent(Container.java:4948), java.desktop/java.awt.LightweightDispatcher.processMouseEvent(Container.java:4575), java.desktop/java.awt.LightweightDispatcher.dispatchEvent(Container.java:4516), java.desktop/java.awt.Container.dispatchEventImpl(Container.java:2310), java.desktop/java.awt.Window.dispatchEventImpl(Window.java:2780), java.desktop/java.awt.Component.dispatchEvent(Component.java:4828), java.desktop/java.awt.EventQueue.dispatchEventImpl(EventQueue.java:775), java.desktop/java.awt.EventQueue$4.run(EventQueue.java:720), java.desktop/java.awt.EventQueue$4.run(EventQueue.java:714), java.base/java.security.AccessController.doPrivileged(AccessController.java:400), java.base/java.security.ProtectionDomain$JavaSecurityAccessImpl.doIntersectionPrivilege(ProtectionDomain.java:87), java.base/java.security.ProtectionDomain$JavaSecurityAccessImpl.doIntersectionPrivilege(ProtectionDomain.java:98), java.desktop/java.awt.EventQueue$5.run(EventQueue.java:747), java.desktop/java.awt.EventQueue$5.run(EventQueue.java:745), java.base/java.security.AccessController.doPrivileged(AccessController.java:400), java.base/java.security.ProtectionDomain$JavaSecurityAccessImpl.doIntersectionPrivilege(ProtectionDomain.java:87), java.desktop/java.awt.EventQueue.dispatchEvent(EventQueue.java:744), java.desktop/java.awt.EventDispatchThread.pumpOneEventForFilters(EventDispatchThread.java:203), java.desktop/java.awt.EventDispatchThread.pumpEventsForFilter(EventDispatchThread.java:124), java.desktop/java.awt.EventDispatchThread.pumpEventsForHierarchy(EventDispatchThread.java:113), java.desktop/java.awt.EventDispatchThread.pumpEvents(EventDispatchThread.java:109), java.desktop/java.awt.EventDispatchThread.pumpEvents(EventDispatchThread.java:101), java.desktop/java.awt.EventDispatchThread.run(EventDispatchThread.java:90)]</message>
</record>
<record>
  <date>2024-12-04T16:01:13.584436900Z</date>
  <millis>1733328073584</millis>
  <nanos>436900</nanos>
  <sequence>1</sequence>
  <logger>global</logger>
  <level>SEVERE</level>
  <class>Utilities.Bitacora</class>
  <method>registrar</method>
  <thread>25</thread>
  <message>Field 'tipo' doesn't have a default value****[com.mysql.cj.jdbc.exceptions.SQLError.createSQLException(SQLError.java:130), com.mysql.cj.jdbc.exceptions.SQLExceptionsMapping.translateException(SQLExceptionsMapping.java:122), com.mysql.cj.jdbc.ClientPreparedStatement.executeInternal(ClientPreparedStatement.java:912), com.mysql.cj.jdbc.ClientPreparedStatement.executeUpdateInternal(ClientPreparedStatement.java:1054), com.mysql.cj.jdbc.ClientPreparedStatement.executeUpdateInternal(ClientPreparedStatement.java:1003), com.mysql.cj.jdbc.ClientPreparedStatement.executeLargeUpdate(ClientPreparedStatement.java:1312), com.mysql.cj.jdbc.CallableStatement.executeLargeUpdate(CallableStatement.java:2503), com.mysql.cj.jdbc.CallableStatement.executeUpdate(CallableStatement.java:914), DataAccessLayer.PlatoComidaDAO.insertar(PlatoComidaDAO.java:28), BusinessLayer.PlatoComidaBO.insertar(PlatoComidaBO.java:13), PresentationLayer.AdministradorMenu.jbPlatosGuardarActionPerformed(AdministradorMenu.java:2399), PresentationLayer.AdministradorMenu$24.actionPerformed(AdministradorMenu.java:1010), java.desktop/javax.swing.AbstractButton.fireActionPerformed(AbstractButton.java:1972), java.desktop/javax.swing.AbstractButton$Handler.actionPerformed(AbstractButton.java:2314), java.desktop/javax.swing.DefaultButtonModel.fireActionPerformed(DefaultButtonModel.java:407), java.desktop/javax.swing.DefaultButtonModel.setPressed(DefaultButtonModel.java:262), java.desktop/javax.swing.plaf.basic.BasicButtonListener.mouseReleased(BasicButtonListener.java:279), java.desktop/java.awt.Component.processMouseEvent(Component.java:6621), java.desktop/javax.swing.JComponent.processMouseEvent(JComponent.java:3398), java.desktop/java.awt.Component.processEvent(Component.java:6386), java.desktop/java.awt.Container.processEvent(Container.java:2266), java.desktop/java.awt.Component.dispatchEventImpl(Component.java:4996), java.desktop/java.awt.Container.dispatchEventImpl(Container.java:2324), java.desktop/java.awt.Component.dispatchEvent(Component.java:4828), java.desktop/java.awt.LightweightDispatcher.retargetMouseEvent(Container.java:4948), java.desktop/java.awt.LightweightDispatcher.processMouseEvent(Container.java:4575), java.desktop/java.awt.LightweightDispatcher.dispatchEvent(Container.java:4516), java.desktop/java.awt.Container.dispatchEventImpl(Container.java:2310), java.desktop/java.awt.Window.dispatchEventImpl(Window.java:2780), java.desktop/java.awt.Component.dispatchEvent(Component.java:4828), java.desktop/java.awt.EventQueue.dispatchEventImpl(EventQueue.java:775), java.desktop/java.awt.EventQueue$4.run(EventQueue.java:720), java.desktop/java.awt.EventQueue$4.run(EventQueue.java:714), java.base/java.security.AccessController.doPrivileged(AccessController.java:400), java.base/java.security.ProtectionDomain$JavaSecurityAccessImpl.doIntersectionPrivilege(ProtectionDomain.java:87), java.base/java.security.ProtectionDomain$JavaSecurityAccessImpl.doIntersectionPrivilege(ProtectionDomain.java:98), java.desktop/java.awt.EventQueue$5.run(EventQueue.java:747), java.desktop/java.awt.EventQueue$5.run(EventQueue.java:745), java.base/java.security.AccessController.doPrivileged(AccessController.java:400), java.base/java.security.ProtectionDomain$JavaSecurityAccessImpl.doIntersectionPrivilege(ProtectionDomain.java:87), java.desktop/java.awt.EventQueue.dispatchEvent(EventQueue.java:744), java.desktop/java.awt.EventDispatchThread.pumpOneEventForFilters(EventDispatchThread.java:203), java.desktop/java.awt.EventDispatchThread.pumpEventsForFilter(EventDispatchThread.java:124), java.desktop/java.awt.EventDispatchThread.pumpEventsForHierarchy(EventDispatchThread.java:113), java.desktop/java.awt.EventDispatchThread.pumpEvents(EventDispatchThread.java:109), java.desktop/java.awt.EventDispatchThread.pumpEvents(EventDispatchThread.java:101), java.desktop/java.awt.EventDispatchThread.run(EventDispatchThread.java:90)]</message>
</record>
<record>
  <date>2024-12-04T16:02:12.172161300Z</date>
  <millis>1733328132172</millis>
  <nanos>161300</nanos>
  <sequence>2</sequence>
  <logger>global</logger>
  <level>SEVERE</level>
  <class>Utilities.Bitacora</class>
  <method>registrar</method>
  <thread>25</thread>
  <message>Field 'tipo' doesn't have a default value****[com.mysql.cj.jdbc.exceptions.SQLError.createSQLException(SQLError.java:130), com.mysql.cj.jdbc.exceptions.SQLExceptionsMapping.translateException(SQLExceptionsMapping.java:122), com.mysql.cj.jdbc.ClientPreparedStatement.executeInternal(ClientPreparedStatement.java:912), com.mysql.cj.jdbc.ClientPreparedStatement.executeUpdateInternal(ClientPreparedStatement.java:1054), com.mysql.cj.jdbc.ClientPreparedStatement.executeUpdateInternal(ClientPreparedStatement.java:1003), com.mysql.cj.jdbc.ClientPreparedStatement.executeLargeUpdate(ClientPreparedStatement.java:1312), com.mysql.cj.jdbc.CallableStatement.executeLargeUpdate(CallableStatement.java:2503), com.mysql.cj.jdbc.CallableStatement.executeUpdate(CallableStatement.java:914), DataAccessLayer.ProductosDAO.insertar(ProductosDAO.java:29), BusinessLayer.ProductosBO.insertar(ProductosBO.java:13), PresentationLayer.AdministradorMenu.jbProductoGuardarActionPerformed(AdministradorMenu.java:2473), PresentationLayer.AdministradorMenu$33.actionPerformed(AdministradorMenu.java:1301), java.desktop/javax.swing.AbstractButton.fireActionPerformed(AbstractButton.java:1972), java.desktop/javax.swing.AbstractButton$Handler.actionPerformed(AbstractButton.java:2314), java.desktop/javax.swing.DefaultButtonModel.fireActionPerformed(DefaultButtonModel.java:407), java.desktop/javax.swing.DefaultButtonModel.setPressed(DefaultButtonModel.java:262), java.desktop/javax.swing.plaf.basic.BasicButtonListener.mouseReleased(BasicButtonListener.java:279), java.desktop/java.awt.Component.processMouseEvent(Component.java:6621), java.desktop/javax.swing.JComponent.processMouseEvent(JComponent.java:3398), java.desktop/java.awt.Component.processEvent(Component.java:6386), java.desktop/java.awt.Container.processEvent(Container.java:2266), java.desktop/java.awt.Component.dispatchEventImpl(Component.java:4996), java.desktop/java.awt.Container.dispatchEventImpl(Container.java:2324), java.desktop/java.awt.Component.dispatchEvent(Component.java:4828), java.desktop/java.awt.LightweightDispatcher.retargetMouseEvent(Container.java:4948), java.desktop/java.awt.LightweightDispatcher.processMouseEvent(Container.java:4575), java.desktop/java.awt.LightweightDispatcher.dispatchEvent(Container.java:4516), java.desktop/java.awt.Container.dispatchEventImpl(Container.java:2310), java.desktop/java.awt.Window.dispatchEventImpl(Window.java:2780), java.desktop/java.awt.Component.dispatchEvent(Component.java:4828), java.desktop/java.awt.EventQueue.dispatchEventImpl(EventQueue.java:775), java.desktop/java.awt.EventQueue$4.run(EventQueue.java:720), java.desktop/java.awt.EventQueue$4.run(EventQueue.java:714), java.base/java.security.AccessController.doPrivileged(AccessController.java:400), java.base/java.security.ProtectionDomain$JavaSecurityAccessImpl.doIntersectionPrivilege(ProtectionDomain.java:87), java.base/java.security.ProtectionDomain$JavaSecurityAccessImpl.doIntersectionPrivilege(ProtectionDomain.java:98), java.desktop/java.awt.EventQueue$5.run(EventQueue.java:747), java.desktop/java.awt.EventQueue$5.run(EventQueue.java:745), java.base/java.security.AccessController.doPrivileged(AccessController.java:400), java.base/java.security.ProtectionDomain$JavaSecurityAccessImpl.doIntersectionPrivilege(ProtectionDomain.java:87), java.desktop/java.awt.EventQueue.dispatchEvent(EventQueue.java:744), java.desktop/java.awt.EventDispatchThread.pumpOneEventForFilters(EventDispatchThread.java:203), java.desktop/java.awt.EventDispatchThread.pumpEventsForFilter(EventDispatchThread.java:124), java.desktop/java.awt.EventDispatchThread.pumpEventsForHierarchy(EventDispatchThread.java:113), java.desktop/java.awt.EventDispatchThread.pumpEvents(EventDispatchThread.java:109), java.desktop/java.awt.EventDispatchThread.pumpEvents(EventDispatchThread.java:101), java.desktop/java.awt.EventDispatchThread.run(EventDispatchThread.java:90)]</message>
</record>
</log>
<?xml version="1.0" encoding="UTF-8" standalone="no"?>
<!DOCTYPE log SYSTEM "logger.dtd">
<log>
<record>
  <date>2024-12-04T16:05:12.554092600Z</date>
  <millis>1733328312554</millis>
  <nanos>92600</nanos>
  <sequence>0</sequence>
  <logger>global</logger>
  <level>SEVERE</level>
  <class>Utilities.Bitacora</class>
  <method>registrar</method>
  <thread>25</thread>
  <message>Field 'tipo' doesn't have a default value****[com.mysql.cj.jdbc.exceptions.SQLError.createSQLException(SQLError.java:130), com.mysql.cj.jdbc.exceptions.SQLExceptionsMapping.translateException(SQLExceptionsMapping.java:122), com.mysql.cj.jdbc.ClientPreparedStatement.executeInternal(ClientPreparedStatement.java:912), com.mysql.cj.jdbc.ClientPreparedStatement.executeUpdateInternal(ClientPreparedStatement.java:1054), com.mysql.cj.jdbc.ClientPreparedStatement.executeUpdateInternal(ClientPreparedStatement.java:1003), com.mysql.cj.jdbc.ClientPreparedStatement.executeLargeUpdate(ClientPreparedStatement.java:1312), com.mysql.cj.jdbc.CallableStatement.executeLargeUpdate(CallableStatement.java:2503), com.mysql.cj.jdbc.CallableStatement.executeUpdate(CallableStatement.java:914), DataAccessLayer.PlatoComidaDAO.insertar(PlatoComidaDAO.java:28), BusinessLayer.PlatoComidaBO.insertar(PlatoComidaBO.java:13), PresentationLayer.AdministradorMenu.jbPlatosGuardarActionPerformed(AdministradorMenu.java:2399), PresentationLayer.AdministradorMenu$24.actionPerformed(AdministradorMenu.java:1010), java.desktop/javax.swing.AbstractButton.fireActionPerformed(AbstractButton.java:1972), java.desktop/javax.swing.AbstractButton$Handler.actionPerformed(AbstractButton.java:2314), java.desktop/javax.swing.DefaultButtonModel.fireActionPerformed(DefaultButtonModel.java:407), java.desktop/javax.swing.DefaultButtonModel.setPressed(DefaultButtonModel.java:262), java.desktop/javax.swing.plaf.basic.BasicButtonListener.mouseReleased(BasicButtonListener.java:279), java.desktop/java.awt.Component.processMouseEvent(Component.java:6621), java.desktop/javax.swing.JComponent.processMouseEvent(JComponent.java:3398), java.desktop/java.awt.Component.processEvent(Component.java:6386), java.desktop/java.awt.Container.processEvent(Container.java:2266), java.desktop/java.awt.Component.dispatchEventImpl(Component.java:4996), java.desktop/java.awt.Container.dispatchEventImpl(Container.java:2324), java.desktop/java.awt.Component.dispatchEvent(Component.java:4828), java.desktop/java.awt.LightweightDispatcher.retargetMouseEvent(Container.java:4948), java.desktop/java.awt.LightweightDispatcher.processMouseEvent(Container.java:4575), java.desktop/java.awt.LightweightDispatcher.dispatchEvent(Container.java:4516), java.desktop/java.awt.Container.dispatchEventImpl(Container.java:2310), java.desktop/java.awt.Window.dispatchEventImpl(Window.java:2780), java.desktop/java.awt.Component.dispatchEvent(Component.java:4828), java.desktop/java.awt.EventQueue.dispatchEventImpl(EventQueue.java:775), java.desktop/java.awt.EventQueue$4.run(EventQueue.java:720), java.desktop/java.awt.EventQueue$4.run(EventQueue.java:714), java.base/java.security.AccessController.doPrivileged(AccessController.java:400), java.base/java.security.ProtectionDomain$JavaSecurityAccessImpl.doIntersectionPrivilege(ProtectionDomain.java:87), java.base/java.security.ProtectionDomain$JavaSecurityAccessImpl.doIntersectionPrivilege(ProtectionDomain.java:98), java.desktop/java.awt.EventQueue$5.run(EventQueue.java:747), java.desktop/java.awt.EventQueue$5.run(EventQueue.java:745), java.base/java.security.AccessController.doPrivileged(AccessController.java:400), java.base/java.security.ProtectionDomain$JavaSecurityAccessImpl.doIntersectionPrivilege(ProtectionDomain.java:87), java.desktop/java.awt.EventQueue.dispatchEvent(EventQueue.java:744), java.desktop/java.awt.EventDispatchThread.pumpOneEventForFilters(EventDispatchThread.java:203), java.desktop/java.awt.EventDispatchThread.pumpEventsForFilter(EventDispatchThread.java:124), java.desktop/java.awt.EventDispatchThread.pumpEventsForHierarchy(EventDispatchThread.java:113), java.desktop/java.awt.EventDispatchThread.pumpEvents(EventDispatchThread.java:109), java.desktop/java.awt.EventDispatchThread.pumpEvents(EventDispatchThread.java:101), java.desktop/java.awt.EventDispatchThread.run(EventDispatchThread.java:90)]</message>
</record>
<record>
  <date>2024-12-04T16:05:27.923214900Z</date>
  <millis>1733328327923</millis>
  <nanos>214900</nanos>
  <sequence>1</sequence>
  <logger>global</logger>
  <level>SEVERE</level>
  <class>Utilities.Bitacora</class>
  <method>registrar</method>
  <thread>25</thread>
  <message>Field 'tipo' doesn't have a default value****[com.mysql.cj.jdbc.exceptions.SQLError.createSQLException(SQLError.java:130), com.mysql.cj.jdbc.exceptions.SQLExceptionsMapping.translateException(SQLExceptionsMapping.java:122), com.mysql.cj.jdbc.ClientPreparedStatement.executeInternal(ClientPreparedStatement.java:912), com.mysql.cj.jdbc.ClientPreparedStatement.executeUpdateInternal(ClientPreparedStatement.java:1054), com.mysql.cj.jdbc.ClientPreparedStatement.executeUpdateInternal(ClientPreparedStatement.java:1003), com.mysql.cj.jdbc.ClientPreparedStatement.executeLargeUpdate(ClientPreparedStatement.java:1312), com.mysql.cj.jdbc.CallableStatement.executeLargeUpdate(CallableStatement.java:2503), com.mysql.cj.jdbc.CallableStatement.executeUpdate(CallableStatement.java:914), DataAccessLayer.PlatoComidaDAO.insertar(PlatoComidaDAO.java:28), BusinessLayer.PlatoComidaBO.insertar(PlatoComidaBO.java:13), PresentationLayer.AdministradorMenu.jbPlatosGuardarActionPerformed(AdministradorMenu.java:2399), PresentationLayer.AdministradorMenu$24.actionPerformed(AdministradorMenu.java:1010), java.desktop/javax.swing.AbstractButton.fireActionPerformed(AbstractButton.java:1972), java.desktop/javax.swing.AbstractButton$Handler.actionPerformed(AbstractButton.java:2314), java.desktop/javax.swing.DefaultButtonModel.fireActionPerformed(DefaultButtonModel.java:407), java.desktop/javax.swing.DefaultButtonModel.setPressed(DefaultButtonModel.java:262), java.desktop/javax.swing.plaf.basic.BasicButtonListener.mouseReleased(BasicButtonListener.java:279), java.desktop/java.awt.Component.processMouseEvent(Component.java:6621), java.desktop/javax.swing.JComponent.processMouseEvent(JComponent.java:3398), java.desktop/java.awt.Component.processEvent(Component.java:6386), java.desktop/java.awt.Container.processEvent(Container.java:2266), java.desktop/java.awt.Component.dispatchEventImpl(Component.java:4996), java.desktop/java.awt.Container.dispatchEventImpl(Container.java:2324), java.desktop/java.awt.Component.dispatchEvent(Component.java:4828), java.desktop/java.awt.LightweightDispatcher.retargetMouseEvent(Container.java:4948), java.desktop/java.awt.LightweightDispatcher.processMouseEvent(Container.java:4575), java.desktop/java.awt.LightweightDispatcher.dispatchEvent(Container.java:4516), java.desktop/java.awt.Container.dispatchEventImpl(Container.java:2310), java.desktop/java.awt.Window.dispatchEventImpl(Window.java:2780), java.desktop/java.awt.Component.dispatchEvent(Component.java:4828), java.desktop/java.awt.EventQueue.dispatchEventImpl(EventQueue.java:775), java.desktop/java.awt.EventQueue$4.run(EventQueue.java:720), java.desktop/java.awt.EventQueue$4.run(EventQueue.java:714), java.base/java.security.AccessController.doPrivileged(AccessController.java:400), java.base/java.security.ProtectionDomain$JavaSecurityAccessImpl.doIntersectionPrivilege(ProtectionDomain.java:87), java.base/java.security.ProtectionDomain$JavaSecurityAccessImpl.doIntersectionPrivilege(ProtectionDomain.java:98), java.desktop/java.awt.EventQueue$5.run(EventQueue.java:747), java.desktop/java.awt.EventQueue$5.run(EventQueue.java:745), java.base/java.security.AccessController.doPrivileged(AccessController.java:400), java.base/java.security.ProtectionDomain$JavaSecurityAccessImpl.doIntersectionPrivilege(ProtectionDomain.java:87), java.desktop/java.awt.EventQueue.dispatchEvent(EventQueue.java:744), java.desktop/java.awt.EventDispatchThread.pumpOneEventForFilters(EventDispatchThread.java:203), java.desktop/java.awt.EventDispatchThread.pumpEventsForFilter(EventDispatchThread.java:124), java.desktop/java.awt.EventDispatchThread.pumpEventsForHierarchy(EventDispatchThread.java:113), java.desktop/java.awt.EventDispatchThread.pumpEvents(EventDispatchThread.java:109), java.desktop/java.awt.EventDispatchThread.pumpEvents(EventDispatchThread.java:101), java.desktop/java.awt.EventDispatchThread.run(EventDispatchThread.java:90)]</message>
</record>
<record>
  <date>2024-12-04T16:05:33.040326900Z</date>
  <millis>1733328333040</millis>
  <nanos>326900</nanos>
  <sequence>2</sequence>
  <logger>global</logger>
  <level>SEVERE</level>
  <class>Utilities.Bitacora</class>
  <method>registrar</method>
  <thread>25</thread>
  <message>Field 'tipo' doesn't have a default value****[com.mysql.cj.jdbc.exceptions.SQLError.createSQLException(SQLError.java:130), com.mysql.cj.jdbc.exceptions.SQLExceptionsMapping.translateException(SQLExceptionsMapping.java:122), com.mysql.cj.jdbc.ClientPreparedStatement.executeInternal(ClientPreparedStatement.java:912), com.mysql.cj.jdbc.ClientPreparedStatement.executeUpdateInternal(ClientPreparedStatement.java:1054), com.mysql.cj.jdbc.ClientPreparedStatement.executeUpdateInternal(ClientPreparedStatement.java:1003), com.mysql.cj.jdbc.ClientPreparedStatement.executeLargeUpdate(ClientPreparedStatement.java:1312), com.mysql.cj.jdbc.CallableStatement.executeLargeUpdate(CallableStatement.java:2503), com.mysql.cj.jdbc.CallableStatement.executeUpdate(CallableStatement.java:914), DataAccessLayer.PlatoComidaDAO.insertar(PlatoComidaDAO.java:28), BusinessLayer.PlatoComidaBO.insertar(PlatoComidaBO.java:13), PresentationLayer.AdministradorMenu.jbPlatosGuardarActionPerformed(AdministradorMenu.java:2399), PresentationLayer.AdministradorMenu$24.actionPerformed(AdministradorMenu.java:1010), java.desktop/javax.swing.AbstractButton.fireActionPerformed(AbstractButton.java:1972), java.desktop/javax.swing.AbstractButton$Handler.actionPerformed(AbstractButton.java:2314), java.desktop/javax.swing.DefaultButtonModel.fireActionPerformed(DefaultButtonModel.java:407), java.desktop/javax.swing.DefaultButtonModel.setPressed(DefaultButtonModel.java:262), java.desktop/javax.swing.plaf.basic.BasicButtonListener.mouseReleased(BasicButtonListener.java:279), java.desktop/java.awt.Component.processMouseEvent(Component.java:6621), java.desktop/javax.swing.JComponent.processMouseEvent(JComponent.java:3398), java.desktop/java.awt.Component.processEvent(Component.java:6386), java.desktop/java.awt.Container.processEvent(Container.java:2266), java.desktop/java.awt.Component.dispatchEventImpl(Component.java:4996), java.desktop/java.awt.Container.dispatchEventImpl(Container.java:2324), java.desktop/java.awt.Component.dispatchEvent(Component.java:4828), java.desktop/java.awt.LightweightDispatcher.retargetMouseEvent(Container.java:4948), java.desktop/java.awt.LightweightDispatcher.processMouseEvent(Container.java:4575), java.desktop/java.awt.LightweightDispatcher.dispatchEvent(Container.java:4516), java.desktop/java.awt.Container.dispatchEventImpl(Container.java:2310), java.desktop/java.awt.Window.dispatchEventImpl(Window.java:2780), java.desktop/java.awt.Component.dispatchEvent(Component.java:4828), java.desktop/java.awt.EventQueue.dispatchEventImpl(EventQueue.java:775), java.desktop/java.awt.EventQueue$4.run(EventQueue.java:720), java.desktop/java.awt.EventQueue$4.run(EventQueue.java:714), java.base/java.security.AccessController.doPrivileged(AccessController.java:400), java.base/java.security.ProtectionDomain$JavaSecurityAccessImpl.doIntersectionPrivilege(ProtectionDomain.java:87), java.base/java.security.ProtectionDomain$JavaSecurityAccessImpl.doIntersectionPrivilege(ProtectionDomain.java:98), java.desktop/java.awt.EventQueue$5.run(EventQueue.java:747), java.desktop/java.awt.EventQueue$5.run(EventQueue.java:745), java.base/java.security.AccessController.doPrivileged(AccessController.java:400), java.base/java.security.ProtectionDomain$JavaSecurityAccessImpl.doIntersectionPrivilege(ProtectionDomain.java:87), java.desktop/java.awt.EventQueue.dispatchEvent(EventQueue.java:744), java.desktop/java.awt.EventDispatchThread.pumpOneEventForFilters(EventDispatchThread.java:203), java.desktop/java.awt.EventDispatchThread.pumpEventsForFilter(EventDispatchThread.java:124), java.desktop/java.awt.EventDispatchThread.pumpEventsForHierarchy(EventDispatchThread.java:113), java.desktop/java.awt.EventDispatchThread.pumpEvents(EventDispatchThread.java:109), java.desktop/java.awt.EventDispatchThread.pumpEvents(EventDispatchThread.java:101), java.desktop/java.awt.EventDispatchThread.run(EventDispatchThread.java:90)]</message>
</record>
</log>
<?xml version="1.0" encoding="UTF-8" standalone="no"?>
<!DOCTYPE log SYSTEM "logger.dtd">
<log>
<record>
  <date>2024-12-04T16:23:21.728983700Z</date>
  <millis>1733329401728</millis>
  <nanos>983700</nanos>
  <sequence>0</sequence>
  <logger>global</logger>
  <level>SEVERE</level>
  <class>Utilities.Bitacora</class>
  <method>registrar</method>
  <thread>25</thread>
  <message>Field 'tipo' doesn't have a default value****[com.mysql.cj.jdbc.exceptions.SQLError.createSQLException(SQLError.java:130), com.mysql.cj.jdbc.exceptions.SQLExceptionsMapping.translateException(SQLExceptionsMapping.java:122), com.mysql.cj.jdbc.ClientPreparedStatement.executeInternal(ClientPreparedStatement.java:912), com.mysql.cj.jdbc.ClientPreparedStatement.executeUpdateInternal(ClientPreparedStatement.java:1054), com.mysql.cj.jdbc.ClientPreparedStatement.executeUpdateInternal(ClientPreparedStatement.java:1003), com.mysql.cj.jdbc.ClientPreparedStatement.executeLargeUpdate(ClientPreparedStatement.java:1312), com.mysql.cj.jdbc.CallableStatement.executeLargeUpdate(CallableStatement.java:2503), com.mysql.cj.jdbc.CallableStatement.executeUpdate(CallableStatement.java:914), DataAccessLayer.PlatoComidaDAO.insertar(PlatoComidaDAO.java:28), BusinessLayer.PlatoComidaBO.insertar(PlatoComidaBO.java:13), PresentationLayer.AdministradorMenu.jbPlatosGuardarActionPerformed(AdministradorMenu.java:2400), PresentationLayer.AdministradorMenu$24.actionPerformed(AdministradorMenu.java:1011), java.desktop/javax.swing.AbstractButton.fireActionPerformed(AbstractButton.java:1972), java.desktop/javax.swing.AbstractButton$Handler.actionPerformed(AbstractButton.java:2314), java.desktop/javax.swing.DefaultButtonModel.fireActionPerformed(DefaultButtonModel.java:407), java.desktop/javax.swing.DefaultButtonModel.setPressed(DefaultButtonModel.java:262), java.desktop/javax.swing.plaf.basic.BasicButtonListener.mouseReleased(BasicButtonListener.java:279), java.desktop/java.awt.Component.processMouseEvent(Component.java:6621), java.desktop/javax.swing.JComponent.processMouseEvent(JComponent.java:3398), java.desktop/java.awt.Component.processEvent(Component.java:6386), java.desktop/java.awt.Container.processEvent(Container.java:2266), java.desktop/java.awt.Component.dispatchEventImpl(Component.java:4996), java.desktop/java.awt.Container.dispatchEventImpl(Container.java:2324), java.desktop/java.awt.Component.dispatchEvent(Component.java:4828), java.desktop/java.awt.LightweightDispatcher.retargetMouseEvent(Container.java:4948), java.desktop/java.awt.LightweightDispatcher.processMouseEvent(Container.java:4575), java.desktop/java.awt.LightweightDispatcher.dispatchEvent(Container.java:4516), java.desktop/java.awt.Container.dispatchEventImpl(Container.java:2310), java.desktop/java.awt.Window.dispatchEventImpl(Window.java:2780), java.desktop/java.awt.Component.dispatchEvent(Component.java:4828), java.desktop/java.awt.EventQueue.dispatchEventImpl(EventQueue.java:775), java.desktop/java.awt.EventQueue$4.run(EventQueue.java:720), java.desktop/java.awt.EventQueue$4.run(EventQueue.java:714), java.base/java.security.AccessController.doPrivileged(AccessController.java:400), java.base/java.security.ProtectionDomain$JavaSecurityAccessImpl.doIntersectionPrivilege(ProtectionDomain.java:87), java.base/java.security.ProtectionDomain$JavaSecurityAccessImpl.doIntersectionPrivilege(ProtectionDomain.java:98), java.desktop/java.awt.EventQueue$5.run(EventQueue.java:747), java.desktop/java.awt.EventQueue$5.run(EventQueue.java:745), java.base/java.security.AccessController.doPrivileged(AccessController.java:400), java.base/java.security.ProtectionDomain$JavaSecurityAccessImpl.doIntersectionPrivilege(ProtectionDomain.java:87), java.desktop/java.awt.EventQueue.dispatchEvent(EventQueue.java:744), java.desktop/java.awt.EventDispatchThread.pumpOneEventForFilters(EventDispatchThread.java:203), java.desktop/java.awt.EventDispatchThread.pumpEventsForFilter(EventDispatchThread.java:124), java.desktop/java.awt.EventDispatchThread.pumpEventsForHierarchy(EventDispatchThread.java:113), java.desktop/java.awt.EventDispatchThread.pumpEvents(EventDispatchThread.java:109), java.desktop/java.awt.EventDispatchThread.pumpEvents(EventDispatchThread.java:101), java.desktop/java.awt.EventDispatchThread.run(EventDispatchThread.java:90)]</message>
</record>
